ERROR - 2023-04-27 01:18:03 --> mysqli_sql_exception: Column 'title' cannot be null in /var/www/htdocs/assignment/system/Database/MySQLi/Connection.php:295
Stack trace:
#0 /var/www/htdocs/assignment/system/Database/MySQLi/Connection.php(295): mysqli->query()
#1 /var/www/htdocs/assignment/system/Database/BaseConnection.php(691): CodeIgniter\Database\MySQLi\Connection->execute()
#2 /var/www/htdocs/assignment/system/Database/BaseConnection.php(605): CodeIgniter\Database\BaseConnection->simpleQuery()
#3 /var/www/htdocs/assignment/system/Database/BaseBuilder.php(2309): CodeIgniter\Database\BaseConnection->query()
#4 /var/www/htdocs/assignment/app/Models/Post_model.php(30): CodeIgniter\Database\BaseBuilder->insert()
#5 /var/www/htdocs/assignment/app/Controllers/Submit.php(26): App\Models\Post_model->new_post()
#6 /var/www/htdocs/assignment/system/CodeIgniter.php(934): App\Controllers\Submit->check_submit()
#7 /var/www/htdocs/assignment/system/CodeIgniter.php(499): CodeIgniter\CodeIgniter->runController()
#8 /var/www/htdocs/assignment/system/CodeIgniter.php(368): CodeIgniter\CodeIgniter->handleRequest()
#9 /var/www/htdocs/assignment/public/index.php(67): CodeIgniter\CodeIgniter->run()
#10 {main}
CRITICAL - 2023-04-27 01:18:03 --> Column 'title' cannot be null
in SYSTEMPATH/Database/BaseConnection.php on line 645.
 1 SYSTEMPATH/Database/BaseBuilder.php(2309): CodeIgniter\Database\BaseConnection->query()
 2 APPPATH/Models/Post_model.php(30): CodeIgniter\Database\BaseBuilder->insert()
 3 APPPATH/Controllers/Submit.php(26): App\Models\Post_model->new_post()
 4 SYSTEMPATH/CodeIgniter.php(934): App\Controllers\Submit->check_submit()
 5 SYSTEMPATH/CodeIgniter.php(499): CodeIgniter\CodeIgniter->runController()
 6 SYSTEMPATH/CodeIgniter.php(368): CodeIgniter\CodeIgniter->handleRequest()
 7 FCPATH/index.php(67): CodeIgniter\CodeIgniter->run()
ERROR - 2023-04-27 01:18:18 --> mysqli_sql_exception: Column 'title' cannot be null in /var/www/htdocs/assignment/system/Database/MySQLi/Connection.php:295
Stack trace:
#0 /var/www/htdocs/assignment/system/Database/MySQLi/Connection.php(295): mysqli->query()
#1 /var/www/htdocs/assignment/system/Database/BaseConnection.php(691): CodeIgniter\Database\MySQLi\Connection->execute()
#2 /var/www/htdocs/assignment/system/Database/BaseConnection.php(605): CodeIgniter\Database\BaseConnection->simpleQuery()
#3 /var/www/htdocs/assignment/system/Database/BaseBuilder.php(2309): CodeIgniter\Database\BaseConnection->query()
#4 /var/www/htdocs/assignment/app/Models/Post_model.php(30): CodeIgniter\Database\BaseBuilder->insert()
#5 /var/www/htdocs/assignment/app/Controllers/Submit.php(26): App\Models\Post_model->new_post()
#6 /var/www/htdocs/assignment/system/CodeIgniter.php(934): App\Controllers\Submit->check_submit()
#7 /var/www/htdocs/assignment/system/CodeIgniter.php(499): CodeIgniter\CodeIgniter->runController()
#8 /var/www/htdocs/assignment/system/CodeIgniter.php(368): CodeIgniter\CodeIgniter->handleRequest()
#9 /var/www/htdocs/assignment/public/index.php(67): CodeIgniter\CodeIgniter->run()
#10 {main}
CRITICAL - 2023-04-27 01:18:18 --> Column 'title' cannot be null
in SYSTEMPATH/Database/BaseConnection.php on line 645.
 1 SYSTEMPATH/Database/BaseBuilder.php(2309): CodeIgniter\Database\BaseConnection->query()
 2 APPPATH/Models/Post_model.php(30): CodeIgniter\Database\BaseBuilder->insert()
 3 APPPATH/Controllers/Submit.php(26): App\Models\Post_model->new_post()
 4 SYSTEMPATH/CodeIgniter.php(934): App\Controllers\Submit->check_submit()
 5 SYSTEMPATH/CodeIgniter.php(499): CodeIgniter\CodeIgniter->runController()
 6 SYSTEMPATH/CodeIgniter.php(368): CodeIgniter\CodeIgniter->handleRequest()
 7 FCPATH/index.php(67): CodeIgniter\CodeIgniter->run()
CRITICAL - 2023-04-27 01:27:01 --> Call to undefined method App\Models\Post_model::enroll
in SYSTEMPATH/Model.php on line 842.
 1 APPPATH/Controllers/Account.php(32): CodeIgniter\Model->__call()
 2 SYSTEMPATH/CodeIgniter.php(934): App\Controllers\Account->add_course()
 3 SYSTEMPATH/CodeIgniter.php(499): CodeIgniter\CodeIgniter->runController()
 4 SYSTEMPATH/CodeIgniter.php(368): CodeIgniter\CodeIgniter->handleRequest()
 5 FCPATH/index.php(67): CodeIgniter\CodeIgniter->run()
CRITICAL - 2023-04-27 01:41:54 --> Undefined variable $uid
in APPPATH/Views/account.php on line 22.
 1 APPPATH/Views/account.php(22): CodeIgniter\Debug\Exceptions->errorHandler()
 2 SYSTEMPATH/View/View.php(213): include('APPPATH/Views/account.php')
 3 SYSTEMPATH/View/View.php(216): CodeIgniter\View\View->CodeIgniter\View\{closure}()
 4 SYSTEMPATH/Common.php(1184): CodeIgniter\View\View->render()
 5 APPPATH/Controllers/Account.php(40): view()
 6 SYSTEMPATH/CodeIgniter.php(934): App\Controllers\Account->add_course()
 7 SYSTEMPATH/CodeIgniter.php(499): CodeIgniter\CodeIgniter->runController()
 8 SYSTEMPATH/CodeIgniter.php(368): CodeIgniter\CodeIgniter->handleRequest()
 9 FCPATH/index.php(67): CodeIgniter\CodeIgniter->run()
CRITICAL - 2023-04-27 01:42:35 --> Undefined variable $uid
in APPPATH/Views/account.php on line 22.
 1 APPPATH/Views/account.php(22): CodeIgniter\Debug\Exceptions->errorHandler()
 2 SYSTEMPATH/View/View.php(213): include('APPPATH/Views/account.php')
 3 SYSTEMPATH/View/View.php(216): CodeIgniter\View\View->CodeIgniter\View\{closure}()
 4 SYSTEMPATH/Common.php(1184): CodeIgniter\View\View->render()
 5 APPPATH/Controllers/Account.php(25): view()
 6 SYSTEMPATH/CodeIgniter.php(934): App\Controllers\Account->index()
 7 SYSTEMPATH/CodeIgniter.php(499): CodeIgniter\CodeIgniter->runController()
 8 SYSTEMPATH/CodeIgniter.php(368): CodeIgniter\CodeIgniter->handleRequest()
 9 FCPATH/index.php(67): CodeIgniter\CodeIgniter->run()
CRITICAL - 2023-04-27 01:42:39 --> Undefined variable $uid
in APPPATH/Views/account.php on line 22.
 1 APPPATH/Views/account.php(22): CodeIgniter\Debug\Exceptions->errorHandler()
 2 SYSTEMPATH/View/View.php(213): include('APPPATH/Views/account.php')
 3 SYSTEMPATH/View/View.php(216): CodeIgniter\View\View->CodeIgniter\View\{closure}()
 4 SYSTEMPATH/Common.php(1184): CodeIgniter\View\View->render()
 5 APPPATH/Controllers/Account.php(25): view()
 6 SYSTEMPATH/CodeIgniter.php(934): App\Controllers\Account->index()
 7 SYSTEMPATH/CodeIgniter.php(499): CodeIgniter\CodeIgniter->runController()
 8 SYSTEMPATH/CodeIgniter.php(368): CodeIgniter\CodeIgniter->handleRequest()
 9 FCPATH/index.php(67): CodeIgniter\CodeIgniter->run()
CRITICAL - 2023-04-27 01:43:44 --> Undefined variable $uid
in APPPATH/Views/account.php on line 22.
 1 APPPATH/Views/account.php(22): CodeIgniter\Debug\Exceptions->errorHandler()
 2 SYSTEMPATH/View/View.php(213): include('APPPATH/Views/account.php')
 3 SYSTEMPATH/View/View.php(216): CodeIgniter\View\View->CodeIgniter\View\{closure}()
 4 SYSTEMPATH/Common.php(1184): CodeIgniter\View\View->render()
 5 APPPATH/Controllers/Account.php(25): view()
 6 SYSTEMPATH/CodeIgniter.php(934): App\Controllers\Account->index()
 7 SYSTEMPATH/CodeIgniter.php(499): CodeIgniter\CodeIgniter->runController()
 8 SYSTEMPATH/CodeIgniter.php(368): CodeIgniter\CodeIgniter->handleRequest()
 9 FCPATH/index.php(67): CodeIgniter\CodeIgniter->run()
CRITICAL - 2023-04-27 01:44:55 --> Undefined variable $uid
in APPPATH/Views/account.php on line 22.
 1 APPPATH/Views/account.php(22): CodeIgniter\Debug\Exceptions->errorHandler()
 2 SYSTEMPATH/View/View.php(213): include('APPPATH/Views/account.php')
 3 SYSTEMPATH/View/View.php(216): CodeIgniter\View\View->CodeIgniter\View\{closure}()
 4 SYSTEMPATH/Common.php(1184): CodeIgniter\View\View->render()
 5 APPPATH/Controllers/Account.php(25): view()
 6 SYSTEMPATH/CodeIgniter.php(934): App\Controllers\Account->index()
 7 SYSTEMPATH/CodeIgniter.php(499): CodeIgniter\CodeIgniter->runController()
 8 SYSTEMPATH/CodeIgniter.php(368): CodeIgniter\CodeIgniter->handleRequest()
 9 FCPATH/index.php(67): CodeIgniter\CodeIgniter->run()
CRITICAL - 2023-04-27 02:43:21 --> Undefined variable $uid
in APPPATH/Views/account.php on line 22.
 1 APPPATH/Views/account.php(22): CodeIgniter\Debug\Exceptions->errorHandler()
 2 SYSTEMPATH/View/View.php(213): include('APPPATH/Views/account.php')
 3 SYSTEMPATH/View/View.php(216): CodeIgniter\View\View->CodeIgniter\View\{closure}()
 4 SYSTEMPATH/Common.php(1184): CodeIgniter\View\View->render()
 5 APPPATH/Controllers/Account.php(25): view()
 6 SYSTEMPATH/CodeIgniter.php(934): App\Controllers\Account->index()
 7 SYSTEMPATH/CodeIgniter.php(499): CodeIgniter\CodeIgniter->runController()
 8 SYSTEMPATH/CodeIgniter.php(368): CodeIgniter\CodeIgniter->handleRequest()
 9 FCPATH/index.php(67): CodeIgniter\CodeIgniter->run()
CRITICAL - 2023-04-27 02:45:06 --> Undefined variable $cid
in APPPATH/Views/account.php on line 22.
 1 APPPATH/Views/account.php(22): CodeIgniter\Debug\Exceptions->errorHandler()
 2 SYSTEMPATH/View/View.php(213): include('APPPATH/Views/account.php')
 3 SYSTEMPATH/View/View.php(216): CodeIgniter\View\View->CodeIgniter\View\{closure}()
 4 SYSTEMPATH/Common.php(1184): CodeIgniter\View\View->render()
 5 APPPATH/Controllers/Account.php(25): view()
 6 SYSTEMPATH/CodeIgniter.php(934): App\Controllers\Account->index()
 7 SYSTEMPATH/CodeIgniter.php(499): CodeIgniter\CodeIgniter->runController()
 8 SYSTEMPATH/CodeIgniter.php(368): CodeIgniter\CodeIgniter->handleRequest()
 9 FCPATH/index.php(67): CodeIgniter\CodeIgniter->run()
CRITICAL - 2023-04-27 02:45:51 --> Undefined variable $cid
in APPPATH/Views/account.php on line 22.
 1 APPPATH/Views/account.php(22): CodeIgniter\Debug\Exceptions->errorHandler()
 2 SYSTEMPATH/View/View.php(213): include('APPPATH/Views/account.php')
 3 SYSTEMPATH/View/View.php(216): CodeIgniter\View\View->CodeIgniter\View\{closure}()
 4 SYSTEMPATH/Common.php(1184): CodeIgniter\View\View->render()
 5 APPPATH/Controllers/Account.php(25): view()
 6 SYSTEMPATH/CodeIgniter.php(934): App\Controllers\Account->index()
 7 SYSTEMPATH/CodeIgniter.php(499): CodeIgniter\CodeIgniter->runController()
 8 SYSTEMPATH/CodeIgniter.php(368): CodeIgniter\CodeIgniter->handleRequest()
 9 FCPATH/index.php(67): CodeIgniter\CodeIgniter->run()
ERROR - 2023-04-27 02:45:54 --> mysqli_sql_exception: Operand should contain 1 column(s) in /var/www/htdocs/assignment/system/Database/MySQLi/Connection.php:295
Stack trace:
#0 /var/www/htdocs/assignment/system/Database/MySQLi/Connection.php(295): mysqli->query()
#1 /var/www/htdocs/assignment/system/Database/BaseConnection.php(691): CodeIgniter\Database\MySQLi\Connection->execute()
#2 /var/www/htdocs/assignment/system/Database/BaseConnection.php(605): CodeIgniter\Database\BaseConnection->simpleQuery()
#3 /var/www/htdocs/assignment/system/Database/BaseBuilder.php(1616): CodeIgniter\Database\BaseConnection->query()
#4 /var/www/htdocs/assignment/app/Models/Course_model.php(25): CodeIgniter\Database\BaseBuilder->get()
#5 /var/www/htdocs/assignment/app/Controllers/Account.php(20): App\Models\Course_model->get_courses()
#6 /var/www/htdocs/assignment/system/CodeIgniter.php(934): App\Controllers\Account->index()
#7 /var/www/htdocs/assignment/system/CodeIgniter.php(499): CodeIgniter\CodeIgniter->runController()
#8 /var/www/htdocs/assignment/system/CodeIgniter.php(368): CodeIgniter\CodeIgniter->handleRequest()
#9 /var/www/htdocs/assignment/public/index.php(67): CodeIgniter\CodeIgniter->run()
#10 {main}
CRITICAL - 2023-04-27 02:45:54 --> Operand should contain 1 column(s)
in SYSTEMPATH/Database/BaseConnection.php on line 645.
 1 SYSTEMPATH/Database/BaseBuilder.php(1616): CodeIgniter\Database\BaseConnection->query()
 2 APPPATH/Models/Course_model.php(25): CodeIgniter\Database\BaseBuilder->get()
 3 APPPATH/Controllers/Account.php(20): App\Models\Course_model->get_courses()
 4 SYSTEMPATH/CodeIgniter.php(934): App\Controllers\Account->index()
 5 SYSTEMPATH/CodeIgniter.php(499): CodeIgniter\CodeIgniter->runController()
 6 SYSTEMPATH/CodeIgniter.php(368): CodeIgniter\CodeIgniter->handleRequest()
 7 FCPATH/index.php(67): CodeIgniter\CodeIgniter->run()
CRITICAL - 2023-04-27 02:45:56 --> Undefined variable $cid
in APPPATH/Views/account.php on line 22.
 1 APPPATH/Views/account.php(22): CodeIgniter\Debug\Exceptions->errorHandler()
 2 SYSTEMPATH/View/View.php(213): include('APPPATH/Views/account.php')
 3 SYSTEMPATH/View/View.php(216): CodeIgniter\View\View->CodeIgniter\View\{closure}()
 4 SYSTEMPATH/Common.php(1184): CodeIgniter\View\View->render()
 5 APPPATH/Controllers/Account.php(25): view()
 6 SYSTEMPATH/CodeIgniter.php(934): App\Controllers\Account->index()
 7 SYSTEMPATH/CodeIgniter.php(499): CodeIgniter\CodeIgniter->runController()
 8 SYSTEMPATH/CodeIgniter.php(368): CodeIgniter\CodeIgniter->handleRequest()
 9 FCPATH/index.php(67): CodeIgniter\CodeIgniter->run()
CRITICAL - 2023-04-27 02:46:50 --> Undefined variable $cid
in APPPATH/Views/account.php on line 22.
 1 APPPATH/Views/account.php(22): CodeIgniter\Debug\Exceptions->errorHandler()
 2 SYSTEMPATH/View/View.php(213): include('APPPATH/Views/account.php')
 3 SYSTEMPATH/View/View.php(216): CodeIgniter\View\View->CodeIgniter\View\{closure}()
 4 SYSTEMPATH/Common.php(1184): CodeIgniter\View\View->render()
 5 APPPATH/Controllers/Account.php(25): view()
 6 SYSTEMPATH/CodeIgniter.php(934): App\Controllers\Account->index()
 7 SYSTEMPATH/CodeIgniter.php(499): CodeIgniter\CodeIgniter->runController()
 8 SYSTEMPATH/CodeIgniter.php(368): CodeIgniter\CodeIgniter->handleRequest()
 9 FCPATH/index.php(67): CodeIgniter\CodeIgniter->run()
CRITICAL - 2023-04-27 02:48:02 --> Undefined variable $cid
in APPPATH/Views/account.php on line 22.
 1 APPPATH/Views/account.php(22): CodeIgniter\Debug\Exceptions->errorHandler()
 2 SYSTEMPATH/View/View.php(213): include('APPPATH/Views/account.php')
 3 SYSTEMPATH/View/View.php(216): CodeIgniter\View\View->CodeIgniter\View\{closure}()
 4 SYSTEMPATH/Common.php(1184): CodeIgniter\View\View->render()
 5 APPPATH/Controllers/Account.php(25): view()
 6 SYSTEMPATH/CodeIgniter.php(934): App\Controllers\Account->index()
 7 SYSTEMPATH/CodeIgniter.php(499): CodeIgniter\CodeIgniter->runController()
 8 SYSTEMPATH/CodeIgniter.php(368): CodeIgniter\CodeIgniter->handleRequest()
 9 FCPATH/index.php(67): CodeIgniter\CodeIgniter->run()
CRITICAL - 2023-04-27 02:50:09 --> Undefined variable $cid
in APPPATH/Views/account.php on line 22.
 1 APPPATH/Views/account.php(22): CodeIgniter\Debug\Exceptions->errorHandler()
 2 SYSTEMPATH/View/View.php(213): include('APPPATH/Views/account.php')
 3 SYSTEMPATH/View/View.php(216): CodeIgniter\View\View->CodeIgniter\View\{closure}()
 4 SYSTEMPATH/Common.php(1184): CodeIgniter\View\View->render()
 5 APPPATH/Controllers/Account.php(25): view()
 6 SYSTEMPATH/CodeIgniter.php(934): App\Controllers\Account->index()
 7 SYSTEMPATH/CodeIgniter.php(499): CodeIgniter\CodeIgniter->runController()
 8 SYSTEMPATH/CodeIgniter.php(368): CodeIgniter\CodeIgniter->handleRequest()
 9 FCPATH/index.php(67): CodeIgniter\CodeIgniter->run()
CRITICAL - 2023-04-27 02:55:11 --> Array to string conversion
in APPPATH/Controllers/Account.php on line 25.
 1 APPPATH/Controllers/Account.php(25): CodeIgniter\Debug\Exceptions->errorHandler()
 2 SYSTEMPATH/CodeIgniter.php(934): App\Controllers\Account->index()
 3 SYSTEMPATH/CodeIgniter.php(499): CodeIgniter\CodeIgniter->runController()
 4 SYSTEMPATH/CodeIgniter.php(368): CodeIgniter\CodeIgniter->handleRequest()
 5 FCPATH/index.php(67): CodeIgniter\CodeIgniter->run()
CRITICAL - 2023-04-27 02:55:19 --> Array to string conversion
in APPPATH/Controllers/Account.php on line 25.
 1 APPPATH/Controllers/Account.php(25): CodeIgniter\Debug\Exceptions->errorHandler()
 2 SYSTEMPATH/CodeIgniter.php(934): App\Controllers\Account->index()
 3 SYSTEMPATH/CodeIgniter.php(499): CodeIgniter\CodeIgniter->runController()
 4 SYSTEMPATH/CodeIgniter.php(368): CodeIgniter\CodeIgniter->handleRequest()
 5 FCPATH/index.php(67): CodeIgniter\CodeIgniter->run()
CRITICAL - 2023-04-27 02:55:33 --> Undefined array key "CSSE2310"
in APPPATH/Controllers/Account.php on line 25.
 1 APPPATH/Controllers/Account.php(25): CodeIgniter\Debug\Exceptions->errorHandler()
 2 SYSTEMPATH/CodeIgniter.php(934): App\Controllers\Account->index()
 3 SYSTEMPATH/CodeIgniter.php(499): CodeIgniter\CodeIgniter->runController()
 4 SYSTEMPATH/CodeIgniter.php(368): CodeIgniter\CodeIgniter->handleRequest()
 5 FCPATH/index.php(67): CodeIgniter\CodeIgniter->run()
CRITICAL - 2023-04-27 02:55:34 --> Undefined array key "CSSE2310"
in APPPATH/Controllers/Account.php on line 25.
 1 APPPATH/Controllers/Account.php(25): CodeIgniter\Debug\Exceptions->errorHandler()
 2 SYSTEMPATH/CodeIgniter.php(934): App\Controllers\Account->index()
 3 SYSTEMPATH/CodeIgniter.php(499): CodeIgniter\CodeIgniter->runController()
 4 SYSTEMPATH/CodeIgniter.php(368): CodeIgniter\CodeIgniter->handleRequest()
 5 FCPATH/index.php(67): CodeIgniter\CodeIgniter->run()
CRITICAL - 2023-04-27 02:55:34 --> Undefined array key "CSSE2310"
in APPPATH/Controllers/Account.php on line 25.
 1 APPPATH/Controllers/Account.php(25): CodeIgniter\Debug\Exceptions->errorHandler()
 2 SYSTEMPATH/CodeIgniter.php(934): App\Controllers\Account->index()
 3 SYSTEMPATH/CodeIgniter.php(499): CodeIgniter\CodeIgniter->runController()
 4 SYSTEMPATH/CodeIgniter.php(368): CodeIgniter\CodeIgniter->handleRequest()
 5 FCPATH/index.php(67): CodeIgniter\CodeIgniter->run()
CRITICAL - 2023-04-27 02:55:34 --> Undefined array key "CSSE2310"
in APPPATH/Controllers/Account.php on line 25.
 1 APPPATH/Controllers/Account.php(25): CodeIgniter\Debug\Exceptions->errorHandler()
 2 SYSTEMPATH/CodeIgniter.php(934): App\Controllers\Account->index()
 3 SYSTEMPATH/CodeIgniter.php(499): CodeIgniter\CodeIgniter->runController()
 4 SYSTEMPATH/CodeIgniter.php(368): CodeIgniter\CodeIgniter->handleRequest()
 5 FCPATH/index.php(67): CodeIgniter\CodeIgniter->run()
CRITICAL - 2023-04-27 02:55:34 --> Undefined array key "CSSE2310"
in APPPATH/Controllers/Account.php on line 25.
 1 APPPATH/Controllers/Account.php(25): CodeIgniter\Debug\Exceptions->errorHandler()
 2 SYSTEMPATH/CodeIgniter.php(934): App\Controllers\Account->index()
 3 SYSTEMPATH/CodeIgniter.php(499): CodeIgniter\CodeIgniter->runController()
 4 SYSTEMPATH/CodeIgniter.php(368): CodeIgniter\CodeIgniter->handleRequest()
 5 FCPATH/index.php(67): CodeIgniter\CodeIgniter->run()
CRITICAL - 2023-04-27 02:55:39 --> Undefined array key 1
in APPPATH/Controllers/Account.php on line 25.
 1 APPPATH/Controllers/Account.php(25): CodeIgniter\Debug\Exceptions->errorHandler()
 2 SYSTEMPATH/CodeIgniter.php(934): App\Controllers\Account->index()
 3 SYSTEMPATH/CodeIgniter.php(499): CodeIgniter\CodeIgniter->runController()
 4 SYSTEMPATH/CodeIgniter.php(368): CodeIgniter\CodeIgniter->handleRequest()
 5 FCPATH/index.php(67): CodeIgniter\CodeIgniter->run()
CRITICAL - 2023-04-27 02:55:39 --> Undefined array key 1
in APPPATH/Controllers/Account.php on line 25.
 1 APPPATH/Controllers/Account.php(25): CodeIgniter\Debug\Exceptions->errorHandler()
 2 SYSTEMPATH/CodeIgniter.php(934): App\Controllers\Account->index()
 3 SYSTEMPATH/CodeIgniter.php(499): CodeIgniter\CodeIgniter->runController()
 4 SYSTEMPATH/CodeIgniter.php(368): CodeIgniter\CodeIgniter->handleRequest()
 5 FCPATH/index.php(67): CodeIgniter\CodeIgniter->run()
CRITICAL - 2023-04-27 02:55:40 --> Undefined array key 1
in APPPATH/Controllers/Account.php on line 25.
 1 APPPATH/Controllers/Account.php(25): CodeIgniter\Debug\Exceptions->errorHandler()
 2 SYSTEMPATH/CodeIgniter.php(934): App\Controllers\Account->index()
 3 SYSTEMPATH/CodeIgniter.php(499): CodeIgniter\CodeIgniter->runController()
 4 SYSTEMPATH/CodeIgniter.php(368): CodeIgniter\CodeIgniter->handleRequest()
 5 FCPATH/index.php(67): CodeIgniter\CodeIgniter->run()
CRITICAL - 2023-04-27 02:55:40 --> Undefined array key 1
in APPPATH/Controllers/Account.php on line 25.
 1 APPPATH/Controllers/Account.php(25): CodeIgniter\Debug\Exceptions->errorHandler()
 2 SYSTEMPATH/CodeIgniter.php(934): App\Controllers\Account->index()
 3 SYSTEMPATH/CodeIgniter.php(499): CodeIgniter\CodeIgniter->runController()
 4 SYSTEMPATH/CodeIgniter.php(368): CodeIgniter\CodeIgniter->handleRequest()
 5 FCPATH/index.php(67): CodeIgniter\CodeIgniter->run()
CRITICAL - 2023-04-27 02:55:44 --> Undefined array key "uid"
in APPPATH/Controllers/Account.php on line 25.
 1 APPPATH/Controllers/Account.php(25): CodeIgniter\Debug\Exceptions->errorHandler()
 2 SYSTEMPATH/CodeIgniter.php(934): App\Controllers\Account->index()
 3 SYSTEMPATH/CodeIgniter.php(499): CodeIgniter\CodeIgniter->runController()
 4 SYSTEMPATH/CodeIgniter.php(368): CodeIgniter\CodeIgniter->handleRequest()
 5 FCPATH/index.php(67): CodeIgniter\CodeIgniter->run()
CRITICAL - 2023-04-27 02:55:44 --> Undefined array key "uid"
in APPPATH/Controllers/Account.php on line 25.
 1 APPPATH/Controllers/Account.php(25): CodeIgniter\Debug\Exceptions->errorHandler()
 2 SYSTEMPATH/CodeIgniter.php(934): App\Controllers\Account->index()
 3 SYSTEMPATH/CodeIgniter.php(499): CodeIgniter\CodeIgniter->runController()
 4 SYSTEMPATH/CodeIgniter.php(368): CodeIgniter\CodeIgniter->handleRequest()
 5 FCPATH/index.php(67): CodeIgniter\CodeIgniter->run()
CRITICAL - 2023-04-27 02:55:44 --> Undefined array key "uid"
in APPPATH/Controllers/Account.php on line 25.
 1 APPPATH/Controllers/Account.php(25): CodeIgniter\Debug\Exceptions->errorHandler()
 2 SYSTEMPATH/CodeIgniter.php(934): App\Controllers\Account->index()
 3 SYSTEMPATH/CodeIgniter.php(499): CodeIgniter\CodeIgniter->runController()
 4 SYSTEMPATH/CodeIgniter.php(368): CodeIgniter\CodeIgniter->handleRequest()
 5 FCPATH/index.php(67): CodeIgniter\CodeIgniter->run()
CRITICAL - 2023-04-27 02:55:45 --> Undefined array key "uid"
in APPPATH/Controllers/Account.php on line 25.
 1 APPPATH/Controllers/Account.php(25): CodeIgniter\Debug\Exceptions->errorHandler()
 2 SYSTEMPATH/CodeIgniter.php(934): App\Controllers\Account->index()
 3 SYSTEMPATH/CodeIgniter.php(499): CodeIgniter\CodeIgniter->runController()
 4 SYSTEMPATH/CodeIgniter.php(368): CodeIgniter\CodeIgniter->handleRequest()
 5 FCPATH/index.php(67): CodeIgniter\CodeIgniter->run()
CRITICAL - 2023-04-27 02:55:51 --> Array to string conversion
in APPPATH/Controllers/Account.php on line 25.
 1 APPPATH/Controllers/Account.php(25): CodeIgniter\Debug\Exceptions->errorHandler()
 2 SYSTEMPATH/CodeIgniter.php(934): App\Controllers\Account->index()
 3 SYSTEMPATH/CodeIgniter.php(499): CodeIgniter\CodeIgniter->runController()
 4 SYSTEMPATH/CodeIgniter.php(368): CodeIgniter\CodeIgniter->handleRequest()
 5 FCPATH/index.php(67): CodeIgniter\CodeIgniter->run()
CRITICAL - 2023-04-27 02:56:00 --> Undefined array key "CSSE2310"
in APPPATH/Controllers/Account.php on line 25.
 1 APPPATH/Controllers/Account.php(25): CodeIgniter\Debug\Exceptions->errorHandler()
 2 SYSTEMPATH/CodeIgniter.php(934): App\Controllers\Account->index()
 3 SYSTEMPATH/CodeIgniter.php(499): CodeIgniter\CodeIgniter->runController()
 4 SYSTEMPATH/CodeIgniter.php(368): CodeIgniter\CodeIgniter->handleRequest()
 5 FCPATH/index.php(67): CodeIgniter\CodeIgniter->run()
CRITICAL - 2023-04-27 02:56:02 --> Undefined array key "CSSE2310"
in APPPATH/Controllers/Account.php on line 25.
 1 APPPATH/Controllers/Account.php(25): CodeIgniter\Debug\Exceptions->errorHandler()
 2 SYSTEMPATH/CodeIgniter.php(934): App\Controllers\Account->index()
 3 SYSTEMPATH/CodeIgniter.php(499): CodeIgniter\CodeIgniter->runController()
 4 SYSTEMPATH/CodeIgniter.php(368): CodeIgniter\CodeIgniter->handleRequest()
 5 FCPATH/index.php(67): CodeIgniter\CodeIgniter->run()
CRITICAL - 2023-04-27 02:56:02 --> Undefined array key "CSSE2310"
in APPPATH/Controllers/Account.php on line 25.
 1 APPPATH/Controllers/Account.php(25): CodeIgniter\Debug\Exceptions->errorHandler()
 2 SYSTEMPATH/CodeIgniter.php(934): App\Controllers\Account->index()
 3 SYSTEMPATH/CodeIgniter.php(499): CodeIgniter\CodeIgniter->runController()
 4 SYSTEMPATH/CodeIgniter.php(368): CodeIgniter\CodeIgniter->handleRequest()
 5 FCPATH/index.php(67): CodeIgniter\CodeIgniter->run()
CRITICAL - 2023-04-27 02:56:02 --> Undefined array key "CSSE2310"
in APPPATH/Controllers/Account.php on line 25.
 1 APPPATH/Controllers/Account.php(25): CodeIgniter\Debug\Exceptions->errorHandler()
 2 SYSTEMPATH/CodeIgniter.php(934): App\Controllers\Account->index()
 3 SYSTEMPATH/CodeIgniter.php(499): CodeIgniter\CodeIgniter->runController()
 4 SYSTEMPATH/CodeIgniter.php(368): CodeIgniter\CodeIgniter->handleRequest()
 5 FCPATH/index.php(67): CodeIgniter\CodeIgniter->run()
CRITICAL - 2023-04-27 02:56:02 --> Undefined array key "CSSE2310"
in APPPATH/Controllers/Account.php on line 25.
 1 APPPATH/Controllers/Account.php(25): CodeIgniter\Debug\Exceptions->errorHandler()
 2 SYSTEMPATH/CodeIgniter.php(934): App\Controllers\Account->index()
 3 SYSTEMPATH/CodeIgniter.php(499): CodeIgniter\CodeIgniter->runController()
 4 SYSTEMPATH/CodeIgniter.php(368): CodeIgniter\CodeIgniter->handleRequest()
 5 FCPATH/index.php(67): CodeIgniter\CodeIgniter->run()
CRITICAL - 2023-04-27 02:56:03 --> Undefined array key "CSSE2310"
in APPPATH/Controllers/Account.php on line 25.
 1 APPPATH/Controllers/Account.php(25): CodeIgniter\Debug\Exceptions->errorHandler()
 2 SYSTEMPATH/CodeIgniter.php(934): App\Controllers\Account->index()
 3 SYSTEMPATH/CodeIgniter.php(499): CodeIgniter\CodeIgniter->runController()
 4 SYSTEMPATH/CodeIgniter.php(368): CodeIgniter\CodeIgniter->handleRequest()
 5 FCPATH/index.php(67): CodeIgniter\CodeIgniter->run()
CRITICAL - 2023-04-27 02:56:14 --> Undefined array key "name"
in APPPATH/Controllers/Account.php on line 25.
 1 APPPATH/Controllers/Account.php(25): CodeIgniter\Debug\Exceptions->errorHandler()
 2 SYSTEMPATH/CodeIgniter.php(934): App\Controllers\Account->index()
 3 SYSTEMPATH/CodeIgniter.php(499): CodeIgniter\CodeIgniter->runController()
 4 SYSTEMPATH/CodeIgniter.php(368): CodeIgniter\CodeIgniter->handleRequest()
 5 FCPATH/index.php(67): CodeIgniter\CodeIgniter->run()
CRITICAL - 2023-04-27 02:56:15 --> Undefined array key "name"
in APPPATH/Controllers/Account.php on line 25.
 1 APPPATH/Controllers/Account.php(25): CodeIgniter\Debug\Exceptions->errorHandler()
 2 SYSTEMPATH/CodeIgniter.php(934): App\Controllers\Account->index()
 3 SYSTEMPATH/CodeIgniter.php(499): CodeIgniter\CodeIgniter->runController()
 4 SYSTEMPATH/CodeIgniter.php(368): CodeIgniter\CodeIgniter->handleRequest()
 5 FCPATH/index.php(67): CodeIgniter\CodeIgniter->run()
CRITICAL - 2023-04-27 02:56:15 --> Undefined array key "name"
in APPPATH/Controllers/Account.php on line 25.
 1 APPPATH/Controllers/Account.php(25): CodeIgniter\Debug\Exceptions->errorHandler()
 2 SYSTEMPATH/CodeIgniter.php(934): App\Controllers\Account->index()
 3 SYSTEMPATH/CodeIgniter.php(499): CodeIgniter\CodeIgniter->runController()
 4 SYSTEMPATH/CodeIgniter.php(368): CodeIgniter\CodeIgniter->handleRequest()
 5 FCPATH/index.php(67): CodeIgniter\CodeIgniter->run()
CRITICAL - 2023-04-27 02:56:15 --> Undefined array key "name"
in APPPATH/Controllers/Account.php on line 25.
 1 APPPATH/Controllers/Account.php(25): CodeIgniter\Debug\Exceptions->errorHandler()
 2 SYSTEMPATH/CodeIgniter.php(934): App\Controllers\Account->index()
 3 SYSTEMPATH/CodeIgniter.php(499): CodeIgniter\CodeIgniter->runController()
 4 SYSTEMPATH/CodeIgniter.php(368): CodeIgniter\CodeIgniter->handleRequest()
 5 FCPATH/index.php(67): CodeIgniter\CodeIgniter->run()
CRITICAL - 2023-04-27 02:56:19 --> Array to string conversion
in APPPATH/Controllers/Account.php on line 25.
 1 APPPATH/Controllers/Account.php(25): CodeIgniter\Debug\Exceptions->errorHandler()
 2 SYSTEMPATH/CodeIgniter.php(934): App\Controllers\Account->index()
 3 SYSTEMPATH/CodeIgniter.php(499): CodeIgniter\CodeIgniter->runController()
 4 SYSTEMPATH/CodeIgniter.php(368): CodeIgniter\CodeIgniter->handleRequest()
 5 FCPATH/index.php(67): CodeIgniter\CodeIgniter->run()
CRITICAL - 2023-04-27 02:56:19 --> Array to string conversion
in APPPATH/Controllers/Account.php on line 25.
 1 APPPATH/Controllers/Account.php(25): CodeIgniter\Debug\Exceptions->errorHandler()
 2 SYSTEMPATH/CodeIgniter.php(934): App\Controllers\Account->index()
 3 SYSTEMPATH/CodeIgniter.php(499): CodeIgniter\CodeIgniter->runController()
 4 SYSTEMPATH/CodeIgniter.php(368): CodeIgniter\CodeIgniter->handleRequest()
 5 FCPATH/index.php(67): CodeIgniter\CodeIgniter->run()
CRITICAL - 2023-04-27 02:56:20 --> Array to string conversion
in APPPATH/Controllers/Account.php on line 25.
 1 APPPATH/Controllers/Account.php(25): CodeIgniter\Debug\Exceptions->errorHandler()
 2 SYSTEMPATH/CodeIgniter.php(934): App\Controllers\Account->index()
 3 SYSTEMPATH/CodeIgniter.php(499): CodeIgniter\CodeIgniter->runController()
 4 SYSTEMPATH/CodeIgniter.php(368): CodeIgniter\CodeIgniter->handleRequest()
 5 FCPATH/index.php(67): CodeIgniter\CodeIgniter->run()
CRITICAL - 2023-04-27 02:56:20 --> Array to string conversion
in APPPATH/Controllers/Account.php on line 25.
 1 APPPATH/Controllers/Account.php(25): CodeIgniter\Debug\Exceptions->errorHandler()
 2 SYSTEMPATH/CodeIgniter.php(934): App\Controllers\Account->index()
 3 SYSTEMPATH/CodeIgniter.php(499): CodeIgniter\CodeIgniter->runController()
 4 SYSTEMPATH/CodeIgniter.php(368): CodeIgniter\CodeIgniter->handleRequest()
 5 FCPATH/index.php(67): CodeIgniter\CodeIgniter->run()
CRITICAL - 2023-04-27 02:56:20 --> Array to string conversion
in APPPATH/Controllers/Account.php on line 25.
 1 APPPATH/Controllers/Account.php(25): CodeIgniter\Debug\Exceptions->errorHandler()
 2 SYSTEMPATH/CodeIgniter.php(934): App\Controllers\Account->index()
 3 SYSTEMPATH/CodeIgniter.php(499): CodeIgniter\CodeIgniter->runController()
 4 SYSTEMPATH/CodeIgniter.php(368): CodeIgniter\CodeIgniter->handleRequest()
 5 FCPATH/index.php(67): CodeIgniter\CodeIgniter->run()
CRITICAL - 2023-04-27 02:56:20 --> Array to string conversion
in APPPATH/Controllers/Account.php on line 25.
 1 APPPATH/Controllers/Account.php(25): CodeIgniter\Debug\Exceptions->errorHandler()
 2 SYSTEMPATH/CodeIgniter.php(934): App\Controllers\Account->index()
 3 SYSTEMPATH/CodeIgniter.php(499): CodeIgniter\CodeIgniter->runController()
 4 SYSTEMPATH/CodeIgniter.php(368): CodeIgniter\CodeIgniter->handleRequest()
 5 FCPATH/index.php(67): CodeIgniter\CodeIgniter->run()
CRITICAL - 2023-04-27 02:56:21 --> Array to string conversion
in APPPATH/Controllers/Account.php on line 25.
 1 APPPATH/Controllers/Account.php(25): CodeIgniter\Debug\Exceptions->errorHandler()
 2 SYSTEMPATH/CodeIgniter.php(934): App\Controllers\Account->index()
 3 SYSTEMPATH/CodeIgniter.php(499): CodeIgniter\CodeIgniter->runController()
 4 SYSTEMPATH/CodeIgniter.php(368): CodeIgniter\CodeIgniter->handleRequest()
 5 FCPATH/index.php(67): CodeIgniter\CodeIgniter->run()
CRITICAL - 2023-04-27 02:56:21 --> Array to string conversion
in APPPATH/Controllers/Account.php on line 25.
 1 APPPATH/Controllers/Account.php(25): CodeIgniter\Debug\Exceptions->errorHandler()
 2 SYSTEMPATH/CodeIgniter.php(934): App\Controllers\Account->index()
 3 SYSTEMPATH/CodeIgniter.php(499): CodeIgniter\CodeIgniter->runController()
 4 SYSTEMPATH/CodeIgniter.php(368): CodeIgniter\CodeIgniter->handleRequest()
 5 FCPATH/index.php(67): CodeIgniter\CodeIgniter->run()
CRITICAL - 2023-04-27 02:56:24 --> Array to string conversion
in APPPATH/Controllers/Account.php on line 25.
 1 APPPATH/Controllers/Account.php(25): CodeIgniter\Debug\Exceptions->errorHandler()
 2 SYSTEMPATH/CodeIgniter.php(934): App\Controllers\Account->index()
 3 SYSTEMPATH/CodeIgniter.php(499): CodeIgniter\CodeIgniter->runController()
 4 SYSTEMPATH/CodeIgniter.php(368): CodeIgniter\CodeIgniter->handleRequest()
 5 FCPATH/index.php(67): CodeIgniter\CodeIgniter->run()
CRITICAL - 2023-04-27 02:56:28 --> Undefined array key 0
in APPPATH/Controllers/Account.php on line 25.
 1 APPPATH/Controllers/Account.php(25): CodeIgniter\Debug\Exceptions->errorHandler()
 2 SYSTEMPATH/CodeIgniter.php(934): App\Controllers\Account->index()
 3 SYSTEMPATH/CodeIgniter.php(499): CodeIgniter\CodeIgniter->runController()
 4 SYSTEMPATH/CodeIgniter.php(368): CodeIgniter\CodeIgniter->handleRequest()
 5 FCPATH/index.php(67): CodeIgniter\CodeIgniter->run()
CRITICAL - 2023-04-27 02:56:29 --> Undefined array key 0
in APPPATH/Controllers/Account.php on line 25.
 1 APPPATH/Controllers/Account.php(25): CodeIgniter\Debug\Exceptions->errorHandler()
 2 SYSTEMPATH/CodeIgniter.php(934): App\Controllers\Account->index()
 3 SYSTEMPATH/CodeIgniter.php(499): CodeIgniter\CodeIgniter->runController()
 4 SYSTEMPATH/CodeIgniter.php(368): CodeIgniter\CodeIgniter->handleRequest()
 5 FCPATH/index.php(67): CodeIgniter\CodeIgniter->run()
CRITICAL - 2023-04-27 02:56:29 --> Undefined array key 0
in APPPATH/Controllers/Account.php on line 25.
 1 APPPATH/Controllers/Account.php(25): CodeIgniter\Debug\Exceptions->errorHandler()
 2 SYSTEMPATH/CodeIgniter.php(934): App\Controllers\Account->index()
 3 SYSTEMPATH/CodeIgniter.php(499): CodeIgniter\CodeIgniter->runController()
 4 SYSTEMPATH/CodeIgniter.php(368): CodeIgniter\CodeIgniter->handleRequest()
 5 FCPATH/index.php(67): CodeIgniter\CodeIgniter->run()
CRITICAL - 2023-04-27 02:56:29 --> Undefined array key 0
in APPPATH/Controllers/Account.php on line 25.
 1 APPPATH/Controllers/Account.php(25): CodeIgniter\Debug\Exceptions->errorHandler()
 2 SYSTEMPATH/CodeIgniter.php(934): App\Controllers\Account->index()
 3 SYSTEMPATH/CodeIgniter.php(499): CodeIgniter\CodeIgniter->runController()
 4 SYSTEMPATH/CodeIgniter.php(368): CodeIgniter\CodeIgniter->handleRequest()
 5 FCPATH/index.php(67): CodeIgniter\CodeIgniter->run()
CRITICAL - 2023-04-27 02:56:34 --> Array to string conversion
in APPPATH/Controllers/Account.php on line 25.
 1 APPPATH/Controllers/Account.php(25): CodeIgniter\Debug\Exceptions->errorHandler()
 2 SYSTEMPATH/CodeIgniter.php(934): App\Controllers\Account->index()
 3 SYSTEMPATH/CodeIgniter.php(499): CodeIgniter\CodeIgniter->runController()
 4 SYSTEMPATH/CodeIgniter.php(368): CodeIgniter\CodeIgniter->handleRequest()
 5 FCPATH/index.php(67): CodeIgniter\CodeIgniter->run()
CRITICAL - 2023-04-27 02:56:35 --> Array to string conversion
in APPPATH/Controllers/Account.php on line 25.
 1 APPPATH/Controllers/Account.php(25): CodeIgniter\Debug\Exceptions->errorHandler()
 2 SYSTEMPATH/CodeIgniter.php(934): App\Controllers\Account->index()
 3 SYSTEMPATH/CodeIgniter.php(499): CodeIgniter\CodeIgniter->runController()
 4 SYSTEMPATH/CodeIgniter.php(368): CodeIgniter\CodeIgniter->handleRequest()
 5 FCPATH/index.php(67): CodeIgniter\CodeIgniter->run()
CRITICAL - 2023-04-27 02:56:35 --> Array to string conversion
in APPPATH/Controllers/Account.php on line 25.
 1 APPPATH/Controllers/Account.php(25): CodeIgniter\Debug\Exceptions->errorHandler()
 2 SYSTEMPATH/CodeIgniter.php(934): App\Controllers\Account->index()
 3 SYSTEMPATH/CodeIgniter.php(499): CodeIgniter\CodeIgniter->runController()
 4 SYSTEMPATH/CodeIgniter.php(368): CodeIgniter\CodeIgniter->handleRequest()
 5 FCPATH/index.php(67): CodeIgniter\CodeIgniter->run()
CRITICAL - 2023-04-27 02:56:35 --> Array to string conversion
in APPPATH/Controllers/Account.php on line 25.
 1 APPPATH/Controllers/Account.php(25): CodeIgniter\Debug\Exceptions->errorHandler()
 2 SYSTEMPATH/CodeIgniter.php(934): App\Controllers\Account->index()
 3 SYSTEMPATH/CodeIgniter.php(499): CodeIgniter\CodeIgniter->runController()
 4 SYSTEMPATH/CodeIgniter.php(368): CodeIgniter\CodeIgniter->handleRequest()
 5 FCPATH/index.php(67): CodeIgniter\CodeIgniter->run()
CRITICAL - 2023-04-27 02:56:36 --> Array to string conversion
in APPPATH/Controllers/Account.php on line 25.
 1 APPPATH/Controllers/Account.php(25): CodeIgniter\Debug\Exceptions->errorHandler()
 2 SYSTEMPATH/CodeIgniter.php(934): App\Controllers\Account->index()
 3 SYSTEMPATH/CodeIgniter.php(499): CodeIgniter\CodeIgniter->runController()
 4 SYSTEMPATH/CodeIgniter.php(368): CodeIgniter\CodeIgniter->handleRequest()
 5 FCPATH/index.php(67): CodeIgniter\CodeIgniter->run()
CRITICAL - 2023-04-27 02:56:49 --> Undefined array key "cid"
in APPPATH/Views/account.php on line 25.
 1 APPPATH/Views/account.php(25): CodeIgniter\Debug\Exceptions->errorHandler()
 2 SYSTEMPATH/View/View.php(213): include('APPPATH/Views/account.php')
 3 SYSTEMPATH/View/View.php(216): CodeIgniter\View\View->CodeIgniter\View\{closure}()
 4 SYSTEMPATH/Common.php(1184): CodeIgniter\View\View->render()
 5 APPPATH/Controllers/Account.php(26): view()
 6 SYSTEMPATH/CodeIgniter.php(934): App\Controllers\Account->index()
 7 SYSTEMPATH/CodeIgniter.php(499): CodeIgniter\CodeIgniter->runController()
 8 SYSTEMPATH/CodeIgniter.php(368): CodeIgniter\CodeIgniter->handleRequest()
 9 FCPATH/index.php(67): CodeIgniter\CodeIgniter->run()
CRITICAL - 2023-04-27 02:59:08 --> Undefined variable $cid
in APPPATH/Views/account.php on line 23.
 1 APPPATH/Views/account.php(23): CodeIgniter\Debug\Exceptions->errorHandler()
 2 SYSTEMPATH/View/View.php(213): include('APPPATH/Views/account.php')
 3 SYSTEMPATH/View/View.php(216): CodeIgniter\View\View->CodeIgniter\View\{closure}()
 4 SYSTEMPATH/Common.php(1184): CodeIgniter\View\View->render()
 5 APPPATH/Controllers/Account.php(41): view()
 6 SYSTEMPATH/CodeIgniter.php(934): App\Controllers\Account->add_course()
 7 SYSTEMPATH/CodeIgniter.php(499): CodeIgniter\CodeIgniter->runController()
 8 SYSTEMPATH/CodeIgniter.php(368): CodeIgniter\CodeIgniter->handleRequest()
 9 FCPATH/index.php(67): CodeIgniter\CodeIgniter->run()
CRITICAL - 2023-04-27 03:02:35 --> Undefined variable $cid
in APPPATH/Views/account.php on line 23.
 1 APPPATH/Views/account.php(23): CodeIgniter\Debug\Exceptions->errorHandler()
 2 SYSTEMPATH/View/View.php(213): include('APPPATH/Views/account.php')
 3 SYSTEMPATH/View/View.php(216): CodeIgniter\View\View->CodeIgniter\View\{closure}()
 4 SYSTEMPATH/Common.php(1184): CodeIgniter\View\View->render()
 5 APPPATH/Controllers/Account.php(41): view()
 6 SYSTEMPATH/CodeIgniter.php(934): App\Controllers\Account->add_course()
 7 SYSTEMPATH/CodeIgniter.php(499): CodeIgniter\CodeIgniter->runController()
 8 SYSTEMPATH/CodeIgniter.php(368): CodeIgniter\CodeIgniter->handleRequest()
 9 FCPATH/index.php(67): CodeIgniter\CodeIgniter->run()
CRITICAL - 2023-04-27 03:02:44 --> Undefined variable $cid
in APPPATH/Views/account.php on line 23.
 1 APPPATH/Views/account.php(23): CodeIgniter\Debug\Exceptions->errorHandler()
 2 SYSTEMPATH/View/View.php(213): include('APPPATH/Views/account.php')
 3 SYSTEMPATH/View/View.php(216): CodeIgniter\View\View->CodeIgniter\View\{closure}()
 4 SYSTEMPATH/Common.php(1184): CodeIgniter\View\View->render()
 5 APPPATH/Controllers/Account.php(41): view()
 6 SYSTEMPATH/CodeIgniter.php(934): App\Controllers\Account->add_course()
 7 SYSTEMPATH/CodeIgniter.php(499): CodeIgniter\CodeIgniter->runController()
 8 SYSTEMPATH/CodeIgniter.php(368): CodeIgniter\CodeIgniter->handleRequest()
 9 FCPATH/index.php(67): CodeIgniter\CodeIgniter->run()
CRITICAL - 2023-04-27 03:27:20 --> Undefined variable $cid
in APPPATH/Models/Course_model.php on line 28.
 1 APPPATH/Models/Course_model.php(28): CodeIgniter\Debug\Exceptions->errorHandler()
 2 APPPATH/Controllers/Account.php(36): App\Models\Course_model->enroll()
 3 SYSTEMPATH/CodeIgniter.php(934): App\Controllers\Account->add_course()
 4 SYSTEMPATH/CodeIgniter.php(499): CodeIgniter\CodeIgniter->runController()
 5 SYSTEMPATH/CodeIgniter.php(368): CodeIgniter\CodeIgniter->handleRequest()
 6 FCPATH/index.php(67): CodeIgniter\CodeIgniter->run()
CRITICAL - 2023-04-27 03:27:48 --> Undefined variable $name
in APPPATH/Models/Course_model.php on line 16.
 1 APPPATH/Models/Course_model.php(16): CodeIgniter\Debug\Exceptions->errorHandler()
 2 APPPATH/Controllers/Account.php(36): App\Models\Course_model->enroll()
 3 SYSTEMPATH/CodeIgniter.php(934): App\Controllers\Account->add_course()
 4 SYSTEMPATH/CodeIgniter.php(499): CodeIgniter\CodeIgniter->runController()
 5 SYSTEMPATH/CodeIgniter.php(368): CodeIgniter\CodeIgniter->handleRequest()
 6 FCPATH/index.php(67): CodeIgniter\CodeIgniter->run()
CRITICAL - 2023-04-27 03:28:02 --> Undefined variable $name
in APPPATH/Models/Course_model.php on line 25.
 1 APPPATH/Models/Course_model.php(25): CodeIgniter\Debug\Exceptions->errorHandler()
 2 APPPATH/Controllers/Account.php(36): App\Models\Course_model->enroll()
 3 SYSTEMPATH/CodeIgniter.php(934): App\Controllers\Account->add_course()
 4 SYSTEMPATH/CodeIgniter.php(499): CodeIgniter\CodeIgniter->runController()
 5 SYSTEMPATH/CodeIgniter.php(368): CodeIgniter\CodeIgniter->handleRequest()
 6 FCPATH/index.php(67): CodeIgniter\CodeIgniter->run()
ERROR - 2023-04-27 04:06:09 --> mysqli_sql_exception: Column 'name' cannot be null in /var/www/htdocs/assignment/system/Database/MySQLi/Connection.php:295
Stack trace:
#0 /var/www/htdocs/assignment/system/Database/MySQLi/Connection.php(295): mysqli->query()
#1 /var/www/htdocs/assignment/system/Database/BaseConnection.php(691): CodeIgniter\Database\MySQLi\Connection->execute()
#2 /var/www/htdocs/assignment/system/Database/BaseConnection.php(605): CodeIgniter\Database\BaseConnection->simpleQuery()
#3 /var/www/htdocs/assignment/system/Database/BaseBuilder.php(2309): CodeIgniter\Database\BaseConnection->query()
#4 /var/www/htdocs/assignment/app/Models/Course_model.php(30): CodeIgniter\Database\BaseBuilder->insert()
#5 /var/www/htdocs/assignment/app/Controllers/Account.php(36): App\Models\Course_model->enroll()
#6 /var/www/htdocs/assignment/system/CodeIgniter.php(934): App\Controllers\Account->add_course()
#7 /var/www/htdocs/assignment/system/CodeIgniter.php(499): CodeIgniter\CodeIgniter->runController()
#8 /var/www/htdocs/assignment/system/CodeIgniter.php(368): CodeIgniter\CodeIgniter->handleRequest()
#9 /var/www/htdocs/assignment/public/index.php(67): CodeIgniter\CodeIgniter->run()
#10 {main}
CRITICAL - 2023-04-27 04:06:09 --> Column 'name' cannot be null
in SYSTEMPATH/Database/BaseConnection.php on line 645.
 1 SYSTEMPATH/Database/BaseBuilder.php(2309): CodeIgniter\Database\BaseConnection->query()
 2 APPPATH/Models/Course_model.php(30): CodeIgniter\Database\BaseBuilder->insert()
 3 APPPATH/Controllers/Account.php(36): App\Models\Course_model->enroll()
 4 SYSTEMPATH/CodeIgniter.php(934): App\Controllers\Account->add_course()
 5 SYSTEMPATH/CodeIgniter.php(499): CodeIgniter\CodeIgniter->runController()
 6 SYSTEMPATH/CodeIgniter.php(368): CodeIgniter\CodeIgniter->handleRequest()
 7 FCPATH/index.php(67): CodeIgniter\CodeIgniter->run()
CRITICAL - 2023-04-27 04:14:01 --> syntax error, unexpected token "<"
in APPPATH/Views/account.php on line 45.
 1 SYSTEMPATH/View/View.php(216): CodeIgniter\View\View->CodeIgniter\View\{closure}()
 2 SYSTEMPATH/Common.php(1184): CodeIgniter\View\View->render()
 3 APPPATH/Controllers/Account.php(26): view()
 4 SYSTEMPATH/CodeIgniter.php(934): App\Controllers\Account->index()
 5 SYSTEMPATH/CodeIgniter.php(499): CodeIgniter\CodeIgniter->runController()
 6 SYSTEMPATH/CodeIgniter.php(368): CodeIgniter\CodeIgniter->handleRequest()
 7 FCPATH/index.php(67): CodeIgniter\CodeIgniter->run()
CRITICAL - 2023-04-27 04:14:20 --> syntax error, unexpected token "<"
in APPPATH/Views/account.php on line 45.
 1 SYSTEMPATH/View/View.php(216): CodeIgniter\View\View->CodeIgniter\View\{closure}()
 2 SYSTEMPATH/Common.php(1184): CodeIgniter\View\View->render()
 3 APPPATH/Controllers/Account.php(26): view()
 4 SYSTEMPATH/CodeIgniter.php(934): App\Controllers\Account->index()
 5 SYSTEMPATH/CodeIgniter.php(499): CodeIgniter\CodeIgniter->runController()
 6 SYSTEMPATH/CodeIgniter.php(368): CodeIgniter\CodeIgniter->handleRequest()
 7 FCPATH/index.php(67): CodeIgniter\CodeIgniter->run()
CRITICAL - 2023-04-27 05:11:54 --> Declaration of App\Models\User_model::update($uid, $email) must be compatible with CodeIgniter\Model::update($id = null, $data = null): bool
in APPPATH/Models/User_model.php on line 26.
 1 [internal function]: CodeIgniter\Debug\Exceptions->shutdownHandler()
CRITICAL - 2023-04-27 05:12:23 --> Declaration of App\Models\User_model::update($uid, $email) must be compatible with CodeIgniter\Model::update($id = null, $data = null): bool
in APPPATH/Models/User_model.php on line 26.
 1 [internal function]: CodeIgniter\Debug\Exceptions->shutdownHandler()
CRITICAL - 2023-04-27 05:12:47 --> Declaration of App\Models\User_model::update($uid, $email) must be compatible with CodeIgniter\Model::update($id = null, $data = null): bool
in APPPATH/Models/User_model.php on line 26.
 1 [internal function]: CodeIgniter\Debug\Exceptions->shutdownHandler()
CRITICAL - 2023-04-27 05:17:55 --> CodeIgniter\BaseModel::transformDataToArray(): Return value must be of type array, string returned
in SYSTEMPATH/BaseModel.php on line 1706.
 1 SYSTEMPATH/BaseModel.php(910): CodeIgniter\BaseModel->transformDataToArray()
 2 SYSTEMPATH/Model.php(756): CodeIgniter\BaseModel->update()
 3 APPPATH/Controllers/Account.php(36): CodeIgniter\Model->update()
 4 SYSTEMPATH/CodeIgniter.php(934): App\Controllers\Account->update_email()
 5 SYSTEMPATH/CodeIgniter.php(499): CodeIgniter\CodeIgniter->runController()
 6 SYSTEMPATH/CodeIgniter.php(368): CodeIgniter\CodeIgniter->handleRequest()
 7 FCPATH/index.php(67): CodeIgniter\CodeIgniter->run()
ERROR - 2023-04-27 05:18:42 --> mysqli_sql_exception: You have an error in your SQL syntax; check the manual that corresponds to your MySQL server version for the right syntax to use near '1 = :1:
WHERE `email` = :email:' at line 1 in /var/www/htdocs/assignment/system/Database/MySQLi/Connection.php:295
Stack trace:
#0 /var/www/htdocs/assignment/system/Database/MySQLi/Connection.php(295): mysqli->query()
#1 /var/www/htdocs/assignment/system/Database/BaseConnection.php(691): CodeIgniter\Database\MySQLi\Connection->execute()
#2 /var/www/htdocs/assignment/system/Database/BaseConnection.php(605): CodeIgniter\Database\BaseConnection->simpleQuery()
#3 /var/www/htdocs/assignment/system/Database/BaseBuilder.php(2476): CodeIgniter\Database\BaseConnection->query()
#4 /var/www/htdocs/assignment/app/Models/User_model.php(33): CodeIgniter\Database\BaseBuilder->update()
#5 /var/www/htdocs/assignment/app/Controllers/Account.php(36): App\Models\User_model->update_email()
#6 /var/www/htdocs/assignment/system/CodeIgniter.php(934): App\Controllers\Account->update_email()
#7 /var/www/htdocs/assignment/system/CodeIgniter.php(499): CodeIgniter\CodeIgniter->runController()
#8 /var/www/htdocs/assignment/system/CodeIgniter.php(368): CodeIgniter\CodeIgniter->handleRequest()
#9 /var/www/htdocs/assignment/public/index.php(67): CodeIgniter\CodeIgniter->run()
#10 {main}
CRITICAL - 2023-04-27 05:18:42 --> You have an error in your SQL syntax; check the manual that corresponds to your MySQL server version for the right syntax to use near '1 = :1:
WHERE `email` = :email:' at line 1
in SYSTEMPATH/Database/BaseConnection.php on line 645.
 1 SYSTEMPATH/Database/BaseBuilder.php(2476): CodeIgniter\Database\BaseConnection->query()
 2 APPPATH/Models/User_model.php(33): CodeIgniter\Database\BaseBuilder->update()
 3 APPPATH/Controllers/Account.php(36): App\Models\User_model->update_email()
 4 SYSTEMPATH/CodeIgniter.php(934): App\Controllers\Account->update_email()
 5 SYSTEMPATH/CodeIgniter.php(499): CodeIgniter\CodeIgniter->runController()
 6 SYSTEMPATH/CodeIgniter.php(368): CodeIgniter\CodeIgniter->handleRequest()
 7 FCPATH/index.php(67): CodeIgniter\CodeIgniter->run()
ERROR - 2023-04-27 05:21:43 --> mysqli_sql_exception: You have an error in your SQL syntax; check the manual that corresponds to your MySQL server version for the right syntax to use near '1 = :1:
WHERE `email` = :email:' at line 1 in /var/www/htdocs/assignment/system/Database/MySQLi/Connection.php:295
Stack trace:
#0 /var/www/htdocs/assignment/system/Database/MySQLi/Connection.php(295): mysqli->query()
#1 /var/www/htdocs/assignment/system/Database/BaseConnection.php(691): CodeIgniter\Database\MySQLi\Connection->execute()
#2 /var/www/htdocs/assignment/system/Database/BaseConnection.php(605): CodeIgniter\Database\BaseConnection->simpleQuery()
#3 /var/www/htdocs/assignment/system/Database/BaseBuilder.php(2476): CodeIgniter\Database\BaseConnection->query()
#4 /var/www/htdocs/assignment/app/Models/User_model.php(33): CodeIgniter\Database\BaseBuilder->update()
#5 /var/www/htdocs/assignment/app/Controllers/Account.php(36): App\Models\User_model->update_email()
#6 /var/www/htdocs/assignment/system/CodeIgniter.php(934): App\Controllers\Account->update_email()
#7 /var/www/htdocs/assignment/system/CodeIgniter.php(499): CodeIgniter\CodeIgniter->runController()
#8 /var/www/htdocs/assignment/system/CodeIgniter.php(368): CodeIgniter\CodeIgniter->handleRequest()
#9 /var/www/htdocs/assignment/public/index.php(67): CodeIgniter\CodeIgniter->run()
#10 {main}
CRITICAL - 2023-04-27 05:21:43 --> You have an error in your SQL syntax; check the manual that corresponds to your MySQL server version for the right syntax to use near '1 = :1:
WHERE `email` = :email:' at line 1
in SYSTEMPATH/Database/BaseConnection.php on line 645.
 1 SYSTEMPATH/Database/BaseBuilder.php(2476): CodeIgniter\Database\BaseConnection->query()
 2 APPPATH/Models/User_model.php(33): CodeIgniter\Database\BaseBuilder->update()
 3 APPPATH/Controllers/Account.php(36): App\Models\User_model->update_email()
 4 SYSTEMPATH/CodeIgniter.php(934): App\Controllers\Account->update_email()
 5 SYSTEMPATH/CodeIgniter.php(499): CodeIgniter\CodeIgniter->runController()
 6 SYSTEMPATH/CodeIgniter.php(368): CodeIgniter\CodeIgniter->handleRequest()
 7 FCPATH/index.php(67): CodeIgniter\CodeIgniter->run()
ERROR - 2023-04-27 05:24:04 --> mysqli_sql_exception: Unknown column 'k' in 'where clause' in /var/www/htdocs/assignment/system/Database/MySQLi/Connection.php:295
Stack trace:
#0 /var/www/htdocs/assignment/system/Database/MySQLi/Connection.php(295): mysqli->query()
#1 /var/www/htdocs/assignment/system/Database/BaseConnection.php(691): CodeIgniter\Database\MySQLi\Connection->execute()
#2 /var/www/htdocs/assignment/system/Database/BaseConnection.php(605): CodeIgniter\Database\BaseConnection->simpleQuery()
#3 /var/www/htdocs/assignment/system/Database/BaseBuilder.php(2476): CodeIgniter\Database\BaseConnection->query()
#4 /var/www/htdocs/assignment/app/Models/User_model.php(33): CodeIgniter\Database\BaseBuilder->update()
#5 /var/www/htdocs/assignment/app/Controllers/Account.php(36): App\Models\User_model->update_email()
#6 /var/www/htdocs/assignment/system/CodeIgniter.php(934): App\Controllers\Account->update_email()
#7 /var/www/htdocs/assignment/system/CodeIgniter.php(499): CodeIgniter\CodeIgniter->runController()
#8 /var/www/htdocs/assignment/system/CodeIgniter.php(368): CodeIgniter\CodeIgniter->handleRequest()
#9 /var/www/htdocs/assignment/public/index.php(67): CodeIgniter\CodeIgniter->run()
#10 {main}
CRITICAL - 2023-04-27 05:24:04 --> Unknown column 'k' in 'where clause'
in SYSTEMPATH/Database/BaseConnection.php on line 645.
 1 SYSTEMPATH/Database/BaseBuilder.php(2476): CodeIgniter\Database\BaseConnection->query()
 2 APPPATH/Models/User_model.php(33): CodeIgniter\Database\BaseBuilder->update()
 3 APPPATH/Controllers/Account.php(36): App\Models\User_model->update_email()
 4 SYSTEMPATH/CodeIgniter.php(934): App\Controllers\Account->update_email()
 5 SYSTEMPATH/CodeIgniter.php(499): CodeIgniter\CodeIgniter->runController()
 6 SYSTEMPATH/CodeIgniter.php(368): CodeIgniter\CodeIgniter->handleRequest()
 7 FCPATH/index.php(67): CodeIgniter\CodeIgniter->run()
CRITICAL - 2023-04-27 05:24:40 --> Call to undefined function App\Controllers\update_email()
in APPPATH/Controllers/Account.php on line 36.
 1 SYSTEMPATH/CodeIgniter.php(934): App\Controllers\Account->update_email()
 2 SYSTEMPATH/CodeIgniter.php(499): CodeIgniter\CodeIgniter->runController()
 3 SYSTEMPATH/CodeIgniter.php(368): CodeIgniter\CodeIgniter->handleRequest()
 4 FCPATH/index.php(67): CodeIgniter\CodeIgniter->run()
CRITICAL - 2023-04-27 05:24:55 --> Call to undefined function App\Controllers\update_email()
in APPPATH/Controllers/Account.php on line 36.
 1 SYSTEMPATH/CodeIgniter.php(934): App\Controllers\Account->update_email()
 2 SYSTEMPATH/CodeIgniter.php(499): CodeIgniter\CodeIgniter->runController()
 3 SYSTEMPATH/CodeIgniter.php(368): CodeIgniter\CodeIgniter->handleRequest()
 4 FCPATH/index.php(67): CodeIgniter\CodeIgniter->run()
CRITICAL - 2023-04-27 05:28:06 --> Undefined variable $user
in APPPATH/Models/User_model.php on line 34.
 1 APPPATH/Models/User_model.php(34): CodeIgniter\Debug\Exceptions->errorHandler()
 2 APPPATH/Controllers/Account.php(36): App\Models\User_model->update_email()
 3 SYSTEMPATH/CodeIgniter.php(934): App\Controllers\Account->update_email()
 4 SYSTEMPATH/CodeIgniter.php(499): CodeIgniter\CodeIgniter->runController()
 5 SYSTEMPATH/CodeIgniter.php(368): CodeIgniter\CodeIgniter->handleRequest()
 6 FCPATH/index.php(67): CodeIgniter\CodeIgniter->run()
ERROR - 2023-04-27 05:30:06 --> mysqli_sql_exception: You have an error in your SQL syntax; check the manual that corresponds to your MySQL server version for the right syntax to use near '1 = :1:
WHERE `uid` = :uid:' at line 1 in /var/www/htdocs/assignment/system/Database/MySQLi/Connection.php:295
Stack trace:
#0 /var/www/htdocs/assignment/system/Database/MySQLi/Connection.php(295): mysqli->query()
#1 /var/www/htdocs/assignment/system/Database/BaseConnection.php(691): CodeIgniter\Database\MySQLi\Connection->execute()
#2 /var/www/htdocs/assignment/system/Database/BaseConnection.php(605): CodeIgniter\Database\BaseConnection->simpleQuery()
#3 /var/www/htdocs/assignment/system/Database/BaseBuilder.php(2476): CodeIgniter\Database\BaseConnection->query()
#4 /var/www/htdocs/assignment/app/Models/User_model.php(33): CodeIgniter\Database\BaseBuilder->update()
#5 /var/www/htdocs/assignment/app/Controllers/Account.php(36): App\Models\User_model->update_email()
#6 /var/www/htdocs/assignment/system/CodeIgniter.php(934): App\Controllers\Account->update_email()
#7 /var/www/htdocs/assignment/system/CodeIgniter.php(499): CodeIgniter\CodeIgniter->runController()
#8 /var/www/htdocs/assignment/system/CodeIgniter.php(368): CodeIgniter\CodeIgniter->handleRequest()
#9 /var/www/htdocs/assignment/public/index.php(67): CodeIgniter\CodeIgniter->run()
#10 {main}
CRITICAL - 2023-04-27 05:30:06 --> You have an error in your SQL syntax; check the manual that corresponds to your MySQL server version for the right syntax to use near '1 = :1:
WHERE `uid` = :uid:' at line 1
in SYSTEMPATH/Database/BaseConnection.php on line 645.
 1 SYSTEMPATH/Database/BaseBuilder.php(2476): CodeIgniter\Database\BaseConnection->query()
 2 APPPATH/Models/User_model.php(33): CodeIgniter\Database\BaseBuilder->update()
 3 APPPATH/Controllers/Account.php(36): App\Models\User_model->update_email()
 4 SYSTEMPATH/CodeIgniter.php(934): App\Controllers\Account->update_email()
 5 SYSTEMPATH/CodeIgniter.php(499): CodeIgniter\CodeIgniter->runController()
 6 SYSTEMPATH/CodeIgniter.php(368): CodeIgniter\CodeIgniter->handleRequest()
 7 FCPATH/index.php(67): CodeIgniter\CodeIgniter->run()
ERROR - 2023-04-27 05:31:47 --> mysqli_sql_exception: You have an error in your SQL syntax; check the manual that corresponds to your MySQL server version for the right syntax to use near '1 = :1:
WHERE `uid` = :uid:' at line 1 in /var/www/htdocs/assignment/system/Database/MySQLi/Connection.php:295
Stack trace:
#0 /var/www/htdocs/assignment/system/Database/MySQLi/Connection.php(295): mysqli->query()
#1 /var/www/htdocs/assignment/system/Database/BaseConnection.php(691): CodeIgniter\Database\MySQLi\Connection->execute()
#2 /var/www/htdocs/assignment/system/Database/BaseConnection.php(605): CodeIgniter\Database\BaseConnection->simpleQuery()
#3 /var/www/htdocs/assignment/system/Database/BaseBuilder.php(2476): CodeIgniter\Database\BaseConnection->query()
#4 /var/www/htdocs/assignment/app/Models/User_model.php(33): CodeIgniter\Database\BaseBuilder->update()
#5 /var/www/htdocs/assignment/app/Controllers/Account.php(36): App\Models\User_model->update_email()
#6 /var/www/htdocs/assignment/system/CodeIgniter.php(934): App\Controllers\Account->update_email()
#7 /var/www/htdocs/assignment/system/CodeIgniter.php(499): CodeIgniter\CodeIgniter->runController()
#8 /var/www/htdocs/assignment/system/CodeIgniter.php(368): CodeIgniter\CodeIgniter->handleRequest()
#9 /var/www/htdocs/assignment/public/index.php(67): CodeIgniter\CodeIgniter->run()
#10 {main}
CRITICAL - 2023-04-27 05:31:47 --> You have an error in your SQL syntax; check the manual that corresponds to your MySQL server version for the right syntax to use near '1 = :1:
WHERE `uid` = :uid:' at line 1
in SYSTEMPATH/Database/BaseConnection.php on line 645.
 1 SYSTEMPATH/Database/BaseBuilder.php(2476): CodeIgniter\Database\BaseConnection->query()
 2 APPPATH/Models/User_model.php(33): CodeIgniter\Database\BaseBuilder->update()
 3 APPPATH/Controllers/Account.php(36): App\Models\User_model->update_email()
 4 SYSTEMPATH/CodeIgniter.php(934): App\Controllers\Account->update_email()
 5 SYSTEMPATH/CodeIgniter.php(499): CodeIgniter\CodeIgniter->runController()
 6 SYSTEMPATH/CodeIgniter.php(368): CodeIgniter\CodeIgniter->handleRequest()
 7 FCPATH/index.php(67): CodeIgniter\CodeIgniter->run()
ERROR - 2023-04-27 05:31:52 --> mysqli_sql_exception: You have an error in your SQL syntax; check the manual that corresponds to your MySQL server version for the right syntax to use near '1 = :1:
WHERE `uid` = :uid:' at line 1 in /var/www/htdocs/assignment/system/Database/MySQLi/Connection.php:295
Stack trace:
#0 /var/www/htdocs/assignment/system/Database/MySQLi/Connection.php(295): mysqli->query()
#1 /var/www/htdocs/assignment/system/Database/BaseConnection.php(691): CodeIgniter\Database\MySQLi\Connection->execute()
#2 /var/www/htdocs/assignment/system/Database/BaseConnection.php(605): CodeIgniter\Database\BaseConnection->simpleQuery()
#3 /var/www/htdocs/assignment/system/Database/BaseBuilder.php(2476): CodeIgniter\Database\BaseConnection->query()
#4 /var/www/htdocs/assignment/app/Models/User_model.php(33): CodeIgniter\Database\BaseBuilder->update()
#5 /var/www/htdocs/assignment/app/Controllers/Account.php(36): App\Models\User_model->update_email()
#6 /var/www/htdocs/assignment/system/CodeIgniter.php(934): App\Controllers\Account->update_email()
#7 /var/www/htdocs/assignment/system/CodeIgniter.php(499): CodeIgniter\CodeIgniter->runController()
#8 /var/www/htdocs/assignment/system/CodeIgniter.php(368): CodeIgniter\CodeIgniter->handleRequest()
#9 /var/www/htdocs/assignment/public/index.php(67): CodeIgniter\CodeIgniter->run()
#10 {main}
CRITICAL - 2023-04-27 05:31:52 --> You have an error in your SQL syntax; check the manual that corresponds to your MySQL server version for the right syntax to use near '1 = :1:
WHERE `uid` = :uid:' at line 1
in SYSTEMPATH/Database/BaseConnection.php on line 645.
 1 SYSTEMPATH/Database/BaseBuilder.php(2476): CodeIgniter\Database\BaseConnection->query()
 2 APPPATH/Models/User_model.php(33): CodeIgniter\Database\BaseBuilder->update()
 3 APPPATH/Controllers/Account.php(36): App\Models\User_model->update_email()
 4 SYSTEMPATH/CodeIgniter.php(934): App\Controllers\Account->update_email()
 5 SYSTEMPATH/CodeIgniter.php(499): CodeIgniter\CodeIgniter->runController()
 6 SYSTEMPATH/CodeIgniter.php(368): CodeIgniter\CodeIgniter->handleRequest()
 7 FCPATH/index.php(67): CodeIgniter\CodeIgniter->run()
ERROR - 2023-04-27 05:32:28 --> mysqli_sql_exception: You have an error in your SQL syntax; check the manual that corresponds to your MySQL server version for the right syntax to use near '1 = :1:
WHERE `uid` = '1'
AND `uid` = 'hello'' at line 1 in /var/www/htdocs/assignment/system/Database/MySQLi/Connection.php:295
Stack trace:
#0 /var/www/htdocs/assignment/system/Database/MySQLi/Connection.php(295): mysqli->query()
#1 /var/www/htdocs/assignment/system/Database/BaseConnection.php(691): CodeIgniter\Database\MySQLi\Connection->execute()
#2 /var/www/htdocs/assignment/system/Database/BaseConnection.php(605): CodeIgniter\Database\BaseConnection->simpleQuery()
#3 /var/www/htdocs/assignment/system/Database/BaseBuilder.php(2476): CodeIgniter\Database\BaseConnection->query()
#4 /var/www/htdocs/assignment/app/Models/User_model.php(34): CodeIgniter\Database\BaseBuilder->update()
#5 /var/www/htdocs/assignment/app/Controllers/Account.php(36): App\Models\User_model->update_email()
#6 /var/www/htdocs/assignment/system/CodeIgniter.php(934): App\Controllers\Account->update_email()
#7 /var/www/htdocs/assignment/system/CodeIgniter.php(499): CodeIgniter\CodeIgniter->runController()
#8 /var/www/htdocs/assignment/system/CodeIgniter.php(368): CodeIgniter\CodeIgniter->handleRequest()
#9 /var/www/htdocs/assignment/public/index.php(67): CodeIgniter\CodeIgniter->run()
#10 {main}
CRITICAL - 2023-04-27 05:32:28 --> You have an error in your SQL syntax; check the manual that corresponds to your MySQL server version for the right syntax to use near '1 = :1:
WHERE `uid` = '1'
AND `uid` = 'hello'' at line 1
in SYSTEMPATH/Database/BaseConnection.php on line 645.
 1 SYSTEMPATH/Database/BaseBuilder.php(2476): CodeIgniter\Database\BaseConnection->query()
 2 APPPATH/Models/User_model.php(34): CodeIgniter\Database\BaseBuilder->update()
 3 APPPATH/Controllers/Account.php(36): App\Models\User_model->update_email()
 4 SYSTEMPATH/CodeIgniter.php(934): App\Controllers\Account->update_email()
 5 SYSTEMPATH/CodeIgniter.php(499): CodeIgniter\CodeIgniter->runController()
 6 SYSTEMPATH/CodeIgniter.php(368): CodeIgniter\CodeIgniter->handleRequest()
 7 FCPATH/index.php(67): CodeIgniter\CodeIgniter->run()
ERROR - 2023-04-27 05:32:39 --> mysqli_sql_exception: You have an error in your SQL syntax; check the manual that corresponds to your MySQL server version for the right syntax to use near '1 = :1:
WHERE `uid` = '1'
AND `email` = 'hello'' at line 1 in /var/www/htdocs/assignment/system/Database/MySQLi/Connection.php:295
Stack trace:
#0 /var/www/htdocs/assignment/system/Database/MySQLi/Connection.php(295): mysqli->query()
#1 /var/www/htdocs/assignment/system/Database/BaseConnection.php(691): CodeIgniter\Database\MySQLi\Connection->execute()
#2 /var/www/htdocs/assignment/system/Database/BaseConnection.php(605): CodeIgniter\Database\BaseConnection->simpleQuery()
#3 /var/www/htdocs/assignment/system/Database/BaseBuilder.php(2476): CodeIgniter\Database\BaseConnection->query()
#4 /var/www/htdocs/assignment/app/Models/User_model.php(34): CodeIgniter\Database\BaseBuilder->update()
#5 /var/www/htdocs/assignment/app/Controllers/Account.php(36): App\Models\User_model->update_email()
#6 /var/www/htdocs/assignment/system/CodeIgniter.php(934): App\Controllers\Account->update_email()
#7 /var/www/htdocs/assignment/system/CodeIgniter.php(499): CodeIgniter\CodeIgniter->runController()
#8 /var/www/htdocs/assignment/system/CodeIgniter.php(368): CodeIgniter\CodeIgniter->handleRequest()
#9 /var/www/htdocs/assignment/public/index.php(67): CodeIgniter\CodeIgniter->run()
#10 {main}
CRITICAL - 2023-04-27 05:32:39 --> You have an error in your SQL syntax; check the manual that corresponds to your MySQL server version for the right syntax to use near '1 = :1:
WHERE `uid` = '1'
AND `email` = 'hello'' at line 1
in SYSTEMPATH/Database/BaseConnection.php on line 645.
 1 SYSTEMPATH/Database/BaseBuilder.php(2476): CodeIgniter\Database\BaseConnection->query()
 2 APPPATH/Models/User_model.php(34): CodeIgniter\Database\BaseBuilder->update()
 3 APPPATH/Controllers/Account.php(36): App\Models\User_model->update_email()
 4 SYSTEMPATH/CodeIgniter.php(934): App\Controllers\Account->update_email()
 5 SYSTEMPATH/CodeIgniter.php(499): CodeIgniter\CodeIgniter->runController()
 6 SYSTEMPATH/CodeIgniter.php(368): CodeIgniter\CodeIgniter->handleRequest()
 7 FCPATH/index.php(67): CodeIgniter\CodeIgniter->run()
CRITICAL - 2023-04-27 05:33:17 --> CodeIgniter\BaseModel::transformDataToArray(): Return value must be of type array, string returned
in SYSTEMPATH/BaseModel.php on line 1706.
 1 SYSTEMPATH/BaseModel.php(910): CodeIgniter\BaseModel->transformDataToArray()
 2 SYSTEMPATH/Model.php(756): CodeIgniter\BaseModel->update()
 3 APPPATH/Controllers/Account.php(36): CodeIgniter\Model->update()
 4 SYSTEMPATH/CodeIgniter.php(934): App\Controllers\Account->update_email()
 5 SYSTEMPATH/CodeIgniter.php(499): CodeIgniter\CodeIgniter->runController()
 6 SYSTEMPATH/CodeIgniter.php(368): CodeIgniter\CodeIgniter->handleRequest()
 7 FCPATH/index.php(67): CodeIgniter\CodeIgniter->run()
CRITICAL - 2023-04-27 05:33:21 --> CodeIgniter\BaseModel::transformDataToArray(): Return value must be of type array, string returned
in SYSTEMPATH/BaseModel.php on line 1706.
 1 SYSTEMPATH/BaseModel.php(910): CodeIgniter\BaseModel->transformDataToArray()
 2 SYSTEMPATH/Model.php(756): CodeIgniter\BaseModel->update()
 3 APPPATH/Controllers/Account.php(36): CodeIgniter\Model->update()
 4 SYSTEMPATH/CodeIgniter.php(934): App\Controllers\Account->update_email()
 5 SYSTEMPATH/CodeIgniter.php(499): CodeIgniter\CodeIgniter->runController()
 6 SYSTEMPATH/CodeIgniter.php(368): CodeIgniter\CodeIgniter->handleRequest()
 7 FCPATH/index.php(67): CodeIgniter\CodeIgniter->run()
CRITICAL - 2023-04-27 05:33:34 --> CodeIgniter\BaseModel::transformDataToArray(): Return value must be of type array, string returned
in SYSTEMPATH/BaseModel.php on line 1706.
 1 SYSTEMPATH/BaseModel.php(910): CodeIgniter\BaseModel->transformDataToArray()
 2 SYSTEMPATH/Model.php(756): CodeIgniter\BaseModel->update()
 3 APPPATH/Controllers/Account.php(36): CodeIgniter\Model->update()
 4 SYSTEMPATH/CodeIgniter.php(934): App\Controllers\Account->update_email()
 5 SYSTEMPATH/CodeIgniter.php(499): CodeIgniter\CodeIgniter->runController()
 6 SYSTEMPATH/CodeIgniter.php(368): CodeIgniter\CodeIgniter->handleRequest()
 7 FCPATH/index.php(67): CodeIgniter\CodeIgniter->run()
CRITICAL - 2023-04-27 05:33:51 --> CodeIgniter\BaseModel::transformDataToArray(): Return value must be of type array, string returned
in SYSTEMPATH/BaseModel.php on line 1706.
 1 SYSTEMPATH/BaseModel.php(910): CodeIgniter\BaseModel->transformDataToArray()
 2 SYSTEMPATH/Model.php(756): CodeIgniter\BaseModel->update()
 3 APPPATH/Controllers/Account.php(36): CodeIgniter\Model->update()
 4 SYSTEMPATH/CodeIgniter.php(934): App\Controllers\Account->update_email()
 5 SYSTEMPATH/CodeIgniter.php(499): CodeIgniter\CodeIgniter->runController()
 6 SYSTEMPATH/CodeIgniter.php(368): CodeIgniter\CodeIgniter->handleRequest()
 7 FCPATH/index.php(67): CodeIgniter\CodeIgniter->run()
CRITICAL - 2023-04-27 05:33:53 --> CodeIgniter\BaseModel::transformDataToArray(): Return value must be of type array, string returned
in SYSTEMPATH/BaseModel.php on line 1706.
 1 SYSTEMPATH/BaseModel.php(910): CodeIgniter\BaseModel->transformDataToArray()
 2 SYSTEMPATH/Model.php(756): CodeIgniter\BaseModel->update()
 3 APPPATH/Controllers/Account.php(36): CodeIgniter\Model->update()
 4 SYSTEMPATH/CodeIgniter.php(934): App\Controllers\Account->update_email()
 5 SYSTEMPATH/CodeIgniter.php(499): CodeIgniter\CodeIgniter->runController()
 6 SYSTEMPATH/CodeIgniter.php(368): CodeIgniter\CodeIgniter->handleRequest()
 7 FCPATH/index.php(67): CodeIgniter\CodeIgniter->run()
CRITICAL - 2023-04-27 05:33:56 --> CodeIgniter\BaseModel::transformDataToArray(): Return value must be of type array, string returned
in SYSTEMPATH/BaseModel.php on line 1706.
 1 SYSTEMPATH/BaseModel.php(910): CodeIgniter\BaseModel->transformDataToArray()
 2 SYSTEMPATH/Model.php(756): CodeIgniter\BaseModel->update()
 3 APPPATH/Controllers/Account.php(36): CodeIgniter\Model->update()
 4 SYSTEMPATH/CodeIgniter.php(934): App\Controllers\Account->update_email()
 5 SYSTEMPATH/CodeIgniter.php(499): CodeIgniter\CodeIgniter->runController()
 6 SYSTEMPATH/CodeIgniter.php(368): CodeIgniter\CodeIgniter->handleRequest()
 7 FCPATH/index.php(67): CodeIgniter\CodeIgniter->run()
CRITICAL - 2023-04-27 05:34:10 --> CodeIgniter\BaseModel::transformDataToArray(): Return value must be of type array, string returned
in SYSTEMPATH/BaseModel.php on line 1706.
 1 SYSTEMPATH/BaseModel.php(910): CodeIgniter\BaseModel->transformDataToArray()
 2 SYSTEMPATH/Model.php(756): CodeIgniter\BaseModel->update()
 3 APPPATH/Controllers/Account.php(36): CodeIgniter\Model->update()
 4 SYSTEMPATH/CodeIgniter.php(934): App\Controllers\Account->update_email()
 5 SYSTEMPATH/CodeIgniter.php(499): CodeIgniter\CodeIgniter->runController()
 6 SYSTEMPATH/CodeIgniter.php(368): CodeIgniter\CodeIgniter->handleRequest()
 7 FCPATH/index.php(67): CodeIgniter\CodeIgniter->run()
CRITICAL - 2023-04-27 05:34:28 --> CodeIgniter\BaseModel::transformDataToArray(): Return value must be of type array, string returned
in SYSTEMPATH/BaseModel.php on line 1706.
 1 SYSTEMPATH/BaseModel.php(910): CodeIgniter\BaseModel->transformDataToArray()
 2 SYSTEMPATH/Model.php(756): CodeIgniter\BaseModel->update()
 3 APPPATH/Controllers/Account.php(36): CodeIgniter\Model->update()
 4 SYSTEMPATH/CodeIgniter.php(934): App\Controllers\Account->update_email()
 5 SYSTEMPATH/CodeIgniter.php(499): CodeIgniter\CodeIgniter->runController()
 6 SYSTEMPATH/CodeIgniter.php(368): CodeIgniter\CodeIgniter->handleRequest()
 7 FCPATH/index.php(67): CodeIgniter\CodeIgniter->run()
CRITICAL - 2023-04-27 05:40:23 --> CodeIgniter\BaseModel::transformDataToArray(): Return value must be of type array, string returned
in SYSTEMPATH/BaseModel.php on line 1706.
 1 SYSTEMPATH/BaseModel.php(910): CodeIgniter\BaseModel->transformDataToArray()
 2 SYSTEMPATH/Model.php(756): CodeIgniter\BaseModel->update()
 3 APPPATH/Controllers/Account.php(36): CodeIgniter\Model->update()
 4 SYSTEMPATH/CodeIgniter.php(934): App\Controllers\Account->update_email()
 5 SYSTEMPATH/CodeIgniter.php(499): CodeIgniter\CodeIgniter->runController()
 6 SYSTEMPATH/CodeIgniter.php(368): CodeIgniter\CodeIgniter->handleRequest()
 7 FCPATH/index.php(67): CodeIgniter\CodeIgniter->run()
CRITICAL - 2023-04-27 05:40:29 --> CodeIgniter\BaseModel::transformDataToArray(): Return value must be of type array, string returned
in SYSTEMPATH/BaseModel.php on line 1706.
 1 SYSTEMPATH/BaseModel.php(910): CodeIgniter\BaseModel->transformDataToArray()
 2 SYSTEMPATH/Model.php(756): CodeIgniter\BaseModel->update()
 3 APPPATH/Controllers/Account.php(36): CodeIgniter\Model->update()
 4 SYSTEMPATH/CodeIgniter.php(934): App\Controllers\Account->update_email()
 5 SYSTEMPATH/CodeIgniter.php(499): CodeIgniter\CodeIgniter->runController()
 6 SYSTEMPATH/CodeIgniter.php(368): CodeIgniter\CodeIgniter->handleRequest()
 7 FCPATH/index.php(67): CodeIgniter\CodeIgniter->run()
CRITICAL - 2023-04-27 05:40:34 --> CodeIgniter\BaseModel::transformDataToArray(): Return value must be of type array, string returned
in SYSTEMPATH/BaseModel.php on line 1706.
 1 SYSTEMPATH/BaseModel.php(910): CodeIgniter\BaseModel->transformDataToArray()
 2 SYSTEMPATH/Model.php(756): CodeIgniter\BaseModel->update()
 3 APPPATH/Controllers/Account.php(36): CodeIgniter\Model->update()
 4 SYSTEMPATH/CodeIgniter.php(934): App\Controllers\Account->update_email()
 5 SYSTEMPATH/CodeIgniter.php(499): CodeIgniter\CodeIgniter->runController()
 6 SYSTEMPATH/CodeIgniter.php(368): CodeIgniter\CodeIgniter->handleRequest()
 7 FCPATH/index.php(67): CodeIgniter\CodeIgniter->run()
CRITICAL - 2023-04-27 05:40:37 --> CodeIgniter\BaseModel::transformDataToArray(): Return value must be of type array, string returned
in SYSTEMPATH/BaseModel.php on line 1706.
 1 SYSTEMPATH/BaseModel.php(910): CodeIgniter\BaseModel->transformDataToArray()
 2 SYSTEMPATH/Model.php(756): CodeIgniter\BaseModel->update()
 3 APPPATH/Controllers/Account.php(36): CodeIgniter\Model->update()
 4 SYSTEMPATH/CodeIgniter.php(934): App\Controllers\Account->update_email()
 5 SYSTEMPATH/CodeIgniter.php(499): CodeIgniter\CodeIgniter->runController()
 6 SYSTEMPATH/CodeIgniter.php(368): CodeIgniter\CodeIgniter->handleRequest()
 7 FCPATH/index.php(67): CodeIgniter\CodeIgniter->run()
CRITICAL - 2023-04-27 05:40:46 --> CodeIgniter\BaseModel::transformDataToArray(): Return value must be of type array, string returned
in SYSTEMPATH/BaseModel.php on line 1706.
 1 SYSTEMPATH/BaseModel.php(910): CodeIgniter\BaseModel->transformDataToArray()
 2 SYSTEMPATH/Model.php(756): CodeIgniter\BaseModel->update()
 3 APPPATH/Controllers/Account.php(36): CodeIgniter\Model->update()
 4 SYSTEMPATH/CodeIgniter.php(934): App\Controllers\Account->update_email()
 5 SYSTEMPATH/CodeIgniter.php(499): CodeIgniter\CodeIgniter->runController()
 6 SYSTEMPATH/CodeIgniter.php(368): CodeIgniter\CodeIgniter->handleRequest()
 7 FCPATH/index.php(67): CodeIgniter\CodeIgniter->run()
CRITICAL - 2023-04-27 05:41:15 --> CodeIgniter\BaseModel::transformDataToArray(): Return value must be of type array, string returned
in SYSTEMPATH/BaseModel.php on line 1706.
 1 SYSTEMPATH/BaseModel.php(910): CodeIgniter\BaseModel->transformDataToArray()
 2 SYSTEMPATH/Model.php(756): CodeIgniter\BaseModel->update()
 3 APPPATH/Controllers/Account.php(36): CodeIgniter\Model->update()
 4 SYSTEMPATH/CodeIgniter.php(934): App\Controllers\Account->update_email()
 5 SYSTEMPATH/CodeIgniter.php(499): CodeIgniter\CodeIgniter->runController()
 6 SYSTEMPATH/CodeIgniter.php(368): CodeIgniter\CodeIgniter->handleRequest()
 7 FCPATH/index.php(67): CodeIgniter\CodeIgniter->run()
CRITICAL - 2023-04-27 05:41:19 --> CodeIgniter\BaseModel::transformDataToArray(): Return value must be of type array, string returned
in SYSTEMPATH/BaseModel.php on line 1706.
 1 SYSTEMPATH/BaseModel.php(910): CodeIgniter\BaseModel->transformDataToArray()
 2 SYSTEMPATH/Model.php(756): CodeIgniter\BaseModel->update()
 3 APPPATH/Controllers/Account.php(36): CodeIgniter\Model->update()
 4 SYSTEMPATH/CodeIgniter.php(934): App\Controllers\Account->update_email()
 5 SYSTEMPATH/CodeIgniter.php(499): CodeIgniter\CodeIgniter->runController()
 6 SYSTEMPATH/CodeIgniter.php(368): CodeIgniter\CodeIgniter->handleRequest()
 7 FCPATH/index.php(67): CodeIgniter\CodeIgniter->run()
CRITICAL - 2023-04-27 05:41:24 --> There is no data to update.
in SYSTEMPATH/BaseModel.php on line 1680.
 1 SYSTEMPATH/BaseModel.php(1680): CodeIgniter\Database\Exceptions\DataException::forEmptyDataset()
 2 SYSTEMPATH/BaseModel.php(910): CodeIgniter\BaseModel->transformDataToArray()
 3 SYSTEMPATH/Model.php(756): CodeIgniter\BaseModel->update()
 4 APPPATH/Controllers/Account.php(36): CodeIgniter\Model->update()
 5 SYSTEMPATH/CodeIgniter.php(934): App\Controllers\Account->update_email()
 6 SYSTEMPATH/CodeIgniter.php(499): CodeIgniter\CodeIgniter->runController()
 7 SYSTEMPATH/CodeIgniter.php(368): CodeIgniter\CodeIgniter->handleRequest()
 8 FCPATH/index.php(67): CodeIgniter\CodeIgniter->run()
CRITICAL - 2023-04-27 05:41:30 --> There is no data to update.
in SYSTEMPATH/BaseModel.php on line 1680.
 1 SYSTEMPATH/BaseModel.php(1680): CodeIgniter\Database\Exceptions\DataException::forEmptyDataset()
 2 SYSTEMPATH/BaseModel.php(910): CodeIgniter\BaseModel->transformDataToArray()
 3 SYSTEMPATH/Model.php(756): CodeIgniter\BaseModel->update()
 4 APPPATH/Controllers/Account.php(36): CodeIgniter\Model->update()
 5 SYSTEMPATH/CodeIgniter.php(934): App\Controllers\Account->update_email()
 6 SYSTEMPATH/CodeIgniter.php(499): CodeIgniter\CodeIgniter->runController()
 7 SYSTEMPATH/CodeIgniter.php(368): CodeIgniter\CodeIgniter->handleRequest()
 8 FCPATH/index.php(67): CodeIgniter\CodeIgniter->run()
CRITICAL - 2023-04-27 05:41:40 --> There is no data to update.
in SYSTEMPATH/BaseModel.php on line 1680.
 1 SYSTEMPATH/BaseModel.php(1680): CodeIgniter\Database\Exceptions\DataException::forEmptyDataset()
 2 SYSTEMPATH/BaseModel.php(910): CodeIgniter\BaseModel->transformDataToArray()
 3 SYSTEMPATH/Model.php(756): CodeIgniter\BaseModel->update()
 4 APPPATH/Controllers/Account.php(36): CodeIgniter\Model->update()
 5 SYSTEMPATH/CodeIgniter.php(934): App\Controllers\Account->update_email()
 6 SYSTEMPATH/CodeIgniter.php(499): CodeIgniter\CodeIgniter->runController()
 7 SYSTEMPATH/CodeIgniter.php(368): CodeIgniter\CodeIgniter->handleRequest()
 8 FCPATH/index.php(67): CodeIgniter\CodeIgniter->run()
CRITICAL - 2023-04-27 05:41:42 --> CodeIgniter\BaseModel::transformDataToArray(): Return value must be of type array, string returned
in SYSTEMPATH/BaseModel.php on line 1706.
 1 SYSTEMPATH/BaseModel.php(910): CodeIgniter\BaseModel->transformDataToArray()
 2 SYSTEMPATH/Model.php(756): CodeIgniter\BaseModel->update()
 3 APPPATH/Controllers/Account.php(36): CodeIgniter\Model->update()
 4 SYSTEMPATH/CodeIgniter.php(934): App\Controllers\Account->update_email()
 5 SYSTEMPATH/CodeIgniter.php(499): CodeIgniter\CodeIgniter->runController()
 6 SYSTEMPATH/CodeIgniter.php(368): CodeIgniter\CodeIgniter->handleRequest()
 7 FCPATH/index.php(67): CodeIgniter\CodeIgniter->run()
CRITICAL - 2023-04-27 05:41:58 --> There is no data to update.
in SYSTEMPATH/BaseModel.php on line 1680.
 1 SYSTEMPATH/BaseModel.php(1680): CodeIgniter\Database\Exceptions\DataException::forEmptyDataset()
 2 SYSTEMPATH/BaseModel.php(910): CodeIgniter\BaseModel->transformDataToArray()
 3 SYSTEMPATH/Model.php(756): CodeIgniter\BaseModel->update()
 4 APPPATH/Controllers/Account.php(36): CodeIgniter\Model->update()
 5 SYSTEMPATH/CodeIgniter.php(934): App\Controllers\Account->update_email()
 6 SYSTEMPATH/CodeIgniter.php(499): CodeIgniter\CodeIgniter->runController()
 7 SYSTEMPATH/CodeIgniter.php(368): CodeIgniter\CodeIgniter->handleRequest()
 8 FCPATH/index.php(67): CodeIgniter\CodeIgniter->run()
CRITICAL - 2023-04-27 05:41:59 --> CodeIgniter\BaseModel::transformDataToArray(): Return value must be of type array, string returned
in SYSTEMPATH/BaseModel.php on line 1706.
 1 SYSTEMPATH/BaseModel.php(910): CodeIgniter\BaseModel->transformDataToArray()
 2 SYSTEMPATH/Model.php(756): CodeIgniter\BaseModel->update()
 3 APPPATH/Controllers/Account.php(36): CodeIgniter\Model->update()
 4 SYSTEMPATH/CodeIgniter.php(934): App\Controllers\Account->update_email()
 5 SYSTEMPATH/CodeIgniter.php(499): CodeIgniter\CodeIgniter->runController()
 6 SYSTEMPATH/CodeIgniter.php(368): CodeIgniter\CodeIgniter->handleRequest()
 7 FCPATH/index.php(67): CodeIgniter\CodeIgniter->run()
CRITICAL - 2023-04-27 05:42:19 --> CodeIgniter\BaseModel::transformDataToArray(): Return value must be of type array, string returned
in SYSTEMPATH/BaseModel.php on line 1706.
 1 SYSTEMPATH/BaseModel.php(910): CodeIgniter\BaseModel->transformDataToArray()
 2 SYSTEMPATH/Model.php(756): CodeIgniter\BaseModel->update()
 3 APPPATH/Controllers/Account.php(36): CodeIgniter\Model->update()
 4 SYSTEMPATH/CodeIgniter.php(934): App\Controllers\Account->update_email()
 5 SYSTEMPATH/CodeIgniter.php(499): CodeIgniter\CodeIgniter->runController()
 6 SYSTEMPATH/CodeIgniter.php(368): CodeIgniter\CodeIgniter->handleRequest()
 7 FCPATH/index.php(67): CodeIgniter\CodeIgniter->run()
CRITICAL - 2023-04-27 05:42:24 --> CodeIgniter\BaseModel::transformDataToArray(): Return value must be of type array, string returned
in SYSTEMPATH/BaseModel.php on line 1706.
 1 SYSTEMPATH/BaseModel.php(910): CodeIgniter\BaseModel->transformDataToArray()
 2 SYSTEMPATH/Model.php(756): CodeIgniter\BaseModel->update()
 3 APPPATH/Controllers/Account.php(36): CodeIgniter\Model->update()
 4 SYSTEMPATH/CodeIgniter.php(934): App\Controllers\Account->update_email()
 5 SYSTEMPATH/CodeIgniter.php(499): CodeIgniter\CodeIgniter->runController()
 6 SYSTEMPATH/CodeIgniter.php(368): CodeIgniter\CodeIgniter->handleRequest()
 7 FCPATH/index.php(67): CodeIgniter\CodeIgniter->run()
ERROR - 2023-04-27 05:47:14 --> mysqli_sql_exception: Unknown column 'name' in 'field list' in /var/www/htdocs/assignment/system/Database/MySQLi/Connection.php:295
Stack trace:
#0 /var/www/htdocs/assignment/system/Database/MySQLi/Connection.php(295): mysqli->query()
#1 /var/www/htdocs/assignment/system/Database/BaseConnection.php(691): CodeIgniter\Database\MySQLi\Connection->execute()
#2 /var/www/htdocs/assignment/system/Database/BaseConnection.php(605): CodeIgniter\Database\BaseConnection->simpleQuery()
#3 /var/www/htdocs/assignment/system/Database/BaseBuilder.php(1616): CodeIgniter\Database\BaseConnection->query()
#4 /var/www/htdocs/assignment/app/Models/Course_model.php(36): CodeIgniter\Database\BaseBuilder->get()
#5 /var/www/htdocs/assignment/app/Controllers/Account.php(20): App\Models\Course_model->get_courses()
#6 /var/www/htdocs/assignment/system/CodeIgniter.php(934): App\Controllers\Account->index()
#7 /var/www/htdocs/assignment/system/CodeIgniter.php(499): CodeIgniter\CodeIgniter->runController()
#8 /var/www/htdocs/assignment/system/CodeIgniter.php(368): CodeIgniter\CodeIgniter->handleRequest()
#9 /var/www/htdocs/assignment/public/index.php(67): CodeIgniter\CodeIgniter->run()
#10 {main}
CRITICAL - 2023-04-27 05:47:14 --> Unknown column 'name' in 'field list'
in SYSTEMPATH/Database/BaseConnection.php on line 645.
 1 SYSTEMPATH/Database/BaseBuilder.php(1616): CodeIgniter\Database\BaseConnection->query()
 2 APPPATH/Models/Course_model.php(36): CodeIgniter\Database\BaseBuilder->get()
 3 APPPATH/Controllers/Account.php(20): App\Models\Course_model->get_courses()
 4 SYSTEMPATH/CodeIgniter.php(934): App\Controllers\Account->index()
 5 SYSTEMPATH/CodeIgniter.php(499): CodeIgniter\CodeIgniter->runController()
 6 SYSTEMPATH/CodeIgniter.php(368): CodeIgniter\CodeIgniter->handleRequest()
 7 FCPATH/index.php(67): CodeIgniter\CodeIgniter->run()
CRITICAL - 2023-04-27 05:49:30 --> Undefined variable $course
in APPPATH/Views/home.php on line 21.
 1 APPPATH/Views/home.php(21): CodeIgniter\Debug\Exceptions->errorHandler()
 2 SYSTEMPATH/View/View.php(213): include('APPPATH/Views/home.php')
 3 SYSTEMPATH/View/View.php(216): CodeIgniter\View\View->CodeIgniter\View\{closure}()
 4 SYSTEMPATH/Common.php(1184): CodeIgniter\View\View->render()
 5 APPPATH/Controllers/Post.php(14): view()
 6 SYSTEMPATH/CodeIgniter.php(934): App\Controllers\Post->load_course_posts()
 7 SYSTEMPATH/CodeIgniter.php(499): CodeIgniter\CodeIgniter->runController()
 8 SYSTEMPATH/CodeIgniter.php(368): CodeIgniter\CodeIgniter->handleRequest()
 9 FCPATH/index.php(67): CodeIgniter\CodeIgniter->run()
CRITICAL - 2023-04-27 05:49:35 --> Undefined variable $cid
in APPPATH/Views/home.php on line 21.
 1 APPPATH/Views/home.php(21): CodeIgniter\Debug\Exceptions->errorHandler()
 2 SYSTEMPATH/View/View.php(213): include('APPPATH/Views/home.php')
 3 SYSTEMPATH/View/View.php(216): CodeIgniter\View\View->CodeIgniter\View\{closure}()
 4 SYSTEMPATH/Common.php(1184): CodeIgniter\View\View->render()
 5 APPPATH/Controllers/Post.php(14): view()
 6 SYSTEMPATH/CodeIgniter.php(934): App\Controllers\Post->load_course_posts()
 7 SYSTEMPATH/CodeIgniter.php(499): CodeIgniter\CodeIgniter->runController()
 8 SYSTEMPATH/CodeIgniter.php(368): CodeIgniter\CodeIgniter->handleRequest()
 9 FCPATH/index.php(67): CodeIgniter\CodeIgniter->run()
ERROR - 2023-04-27 05:53:34 --> mysqli_sql_exception: Column 'cid' cannot be null in /var/www/htdocs/assignment/system/Database/MySQLi/Connection.php:295
Stack trace:
#0 /var/www/htdocs/assignment/system/Database/MySQLi/Connection.php(295): mysqli->query()
#1 /var/www/htdocs/assignment/system/Database/BaseConnection.php(691): CodeIgniter\Database\MySQLi\Connection->execute()
#2 /var/www/htdocs/assignment/system/Database/BaseConnection.php(605): CodeIgniter\Database\BaseConnection->simpleQuery()
#3 /var/www/htdocs/assignment/system/Database/BaseBuilder.php(2309): CodeIgniter\Database\BaseConnection->query()
#4 /var/www/htdocs/assignment/app/Models/Post_model.php(30): CodeIgniter\Database\BaseBuilder->insert()
#5 /var/www/htdocs/assignment/app/Controllers/Submit.php(26): App\Models\Post_model->new_post()
#6 /var/www/htdocs/assignment/system/CodeIgniter.php(934): App\Controllers\Submit->check_submit()
#7 /var/www/htdocs/assignment/system/CodeIgniter.php(499): CodeIgniter\CodeIgniter->runController()
#8 /var/www/htdocs/assignment/system/CodeIgniter.php(368): CodeIgniter\CodeIgniter->handleRequest()
#9 /var/www/htdocs/assignment/public/index.php(67): CodeIgniter\CodeIgniter->run()
#10 {main}
CRITICAL - 2023-04-27 05:53:34 --> Column 'cid' cannot be null
in SYSTEMPATH/Database/BaseConnection.php on line 645.
 1 SYSTEMPATH/Database/BaseBuilder.php(2309): CodeIgniter\Database\BaseConnection->query()
 2 APPPATH/Models/Post_model.php(30): CodeIgniter\Database\BaseBuilder->insert()
 3 APPPATH/Controllers/Submit.php(26): App\Models\Post_model->new_post()
 4 SYSTEMPATH/CodeIgniter.php(934): App\Controllers\Submit->check_submit()
 5 SYSTEMPATH/CodeIgniter.php(499): CodeIgniter\CodeIgniter->runController()
 6 SYSTEMPATH/CodeIgniter.php(368): CodeIgniter\CodeIgniter->handleRequest()
 7 FCPATH/index.php(67): CodeIgniter\CodeIgniter->run()
ERROR - 2023-04-27 05:53:39 --> mysqli_sql_exception: Column 'cid' cannot be null in /var/www/htdocs/assignment/system/Database/MySQLi/Connection.php:295
Stack trace:
#0 /var/www/htdocs/assignment/system/Database/MySQLi/Connection.php(295): mysqli->query()
#1 /var/www/htdocs/assignment/system/Database/BaseConnection.php(691): CodeIgniter\Database\MySQLi\Connection->execute()
#2 /var/www/htdocs/assignment/system/Database/BaseConnection.php(605): CodeIgniter\Database\BaseConnection->simpleQuery()
#3 /var/www/htdocs/assignment/system/Database/BaseBuilder.php(2309): CodeIgniter\Database\BaseConnection->query()
#4 /var/www/htdocs/assignment/app/Models/Post_model.php(30): CodeIgniter\Database\BaseBuilder->insert()
#5 /var/www/htdocs/assignment/app/Controllers/Submit.php(26): App\Models\Post_model->new_post()
#6 /var/www/htdocs/assignment/system/CodeIgniter.php(934): App\Controllers\Submit->check_submit()
#7 /var/www/htdocs/assignment/system/CodeIgniter.php(499): CodeIgniter\CodeIgniter->runController()
#8 /var/www/htdocs/assignment/system/CodeIgniter.php(368): CodeIgniter\CodeIgniter->handleRequest()
#9 /var/www/htdocs/assignment/public/index.php(67): CodeIgniter\CodeIgniter->run()
#10 {main}
CRITICAL - 2023-04-27 05:53:39 --> Column 'cid' cannot be null
in SYSTEMPATH/Database/BaseConnection.php on line 645.
 1 SYSTEMPATH/Database/BaseBuilder.php(2309): CodeIgniter\Database\BaseConnection->query()
 2 APPPATH/Models/Post_model.php(30): CodeIgniter\Database\BaseBuilder->insert()
 3 APPPATH/Controllers/Submit.php(26): App\Models\Post_model->new_post()
 4 SYSTEMPATH/CodeIgniter.php(934): App\Controllers\Submit->check_submit()
 5 SYSTEMPATH/CodeIgniter.php(499): CodeIgniter\CodeIgniter->runController()
 6 SYSTEMPATH/CodeIgniter.php(368): CodeIgniter\CodeIgniter->handleRequest()
 7 FCPATH/index.php(67): CodeIgniter\CodeIgniter->run()
ERROR - 2023-04-27 05:53:45 --> mysqli_sql_exception: Column 'cid' cannot be null in /var/www/htdocs/assignment/system/Database/MySQLi/Connection.php:295
Stack trace:
#0 /var/www/htdocs/assignment/system/Database/MySQLi/Connection.php(295): mysqli->query()
#1 /var/www/htdocs/assignment/system/Database/BaseConnection.php(691): CodeIgniter\Database\MySQLi\Connection->execute()
#2 /var/www/htdocs/assignment/system/Database/BaseConnection.php(605): CodeIgniter\Database\BaseConnection->simpleQuery()
#3 /var/www/htdocs/assignment/system/Database/BaseBuilder.php(2309): CodeIgniter\Database\BaseConnection->query()
#4 /var/www/htdocs/assignment/app/Models/Post_model.php(30): CodeIgniter\Database\BaseBuilder->insert()
#5 /var/www/htdocs/assignment/app/Controllers/Submit.php(26): App\Models\Post_model->new_post()
#6 /var/www/htdocs/assignment/system/CodeIgniter.php(934): App\Controllers\Submit->check_submit()
#7 /var/www/htdocs/assignment/system/CodeIgniter.php(499): CodeIgniter\CodeIgniter->runController()
#8 /var/www/htdocs/assignment/system/CodeIgniter.php(368): CodeIgniter\CodeIgniter->handleRequest()
#9 /var/www/htdocs/assignment/public/index.php(67): CodeIgniter\CodeIgniter->run()
#10 {main}
CRITICAL - 2023-04-27 05:53:45 --> Column 'cid' cannot be null
in SYSTEMPATH/Database/BaseConnection.php on line 645.
 1 SYSTEMPATH/Database/BaseBuilder.php(2309): CodeIgniter\Database\BaseConnection->query()
 2 APPPATH/Models/Post_model.php(30): CodeIgniter\Database\BaseBuilder->insert()
 3 APPPATH/Controllers/Submit.php(26): App\Models\Post_model->new_post()
 4 SYSTEMPATH/CodeIgniter.php(934): App\Controllers\Submit->check_submit()
 5 SYSTEMPATH/CodeIgniter.php(499): CodeIgniter\CodeIgniter->runController()
 6 SYSTEMPATH/CodeIgniter.php(368): CodeIgniter\CodeIgniter->handleRequest()
 7 FCPATH/index.php(67): CodeIgniter\CodeIgniter->run()
CRITICAL - 2023-04-27 06:41:17 --> Too few arguments to function App\Controllers\Post::load_course_posts(), 0 passed in /var/www/htdocs/assignment/system/CodeIgniter.php on line 934 and exactly 1 expected
in APPPATH/Controllers/Post.php on line 6.
 1 SYSTEMPATH/CodeIgniter.php(934): App\Controllers\Post->load_course_posts()
 2 SYSTEMPATH/CodeIgniter.php(499): CodeIgniter\CodeIgniter->runController()
 3 SYSTEMPATH/CodeIgniter.php(368): CodeIgniter\CodeIgniter->handleRequest()
 4 FCPATH/index.php(67): CodeIgniter\CodeIgniter->run()
CRITICAL - 2023-04-27 06:43:13 --> Too few arguments to function App\Controllers\Post::load_course_posts(), 0 passed in /var/www/htdocs/assignment/system/CodeIgniter.php on line 934 and exactly 1 expected
in APPPATH/Controllers/Post.php on line 10.
 1 SYSTEMPATH/CodeIgniter.php(934): App\Controllers\Post->load_course_posts()
 2 SYSTEMPATH/CodeIgniter.php(499): CodeIgniter\CodeIgniter->runController()
 3 SYSTEMPATH/CodeIgniter.php(368): CodeIgniter\CodeIgniter->handleRequest()
 4 FCPATH/index.php(67): CodeIgniter\CodeIgniter->run()
CRITICAL - 2023-04-27 06:43:32 --> Too few arguments to function App\Controllers\Post::load_course_posts(), 0 passed in /var/www/htdocs/assignment/system/CodeIgniter.php on line 934 and exactly 1 expected
in APPPATH/Controllers/Post.php on line 10.
 1 SYSTEMPATH/CodeIgniter.php(934): App\Controllers\Post->load_course_posts()
 2 SYSTEMPATH/CodeIgniter.php(499): CodeIgniter\CodeIgniter->runController()
 3 SYSTEMPATH/CodeIgniter.php(368): CodeIgniter\CodeIgniter->handleRequest()
 4 FCPATH/index.php(67): CodeIgniter\CodeIgniter->run()
CRITICAL - 2023-04-27 06:43:36 --> Too few arguments to function App\Controllers\Post::load_course_posts(), 0 passed in /var/www/htdocs/assignment/system/CodeIgniter.php on line 934 and exactly 1 expected
in APPPATH/Controllers/Post.php on line 10.
 1 SYSTEMPATH/CodeIgniter.php(934): App\Controllers\Post->load_course_posts()
 2 SYSTEMPATH/CodeIgniter.php(499): CodeIgniter\CodeIgniter->runController()
 3 SYSTEMPATH/CodeIgniter.php(368): CodeIgniter\CodeIgniter->handleRequest()
 4 FCPATH/index.php(67): CodeIgniter\CodeIgniter->run()
CRITICAL - 2023-04-27 06:48:30 --> Too few arguments to function App\Controllers\Post::load_course_posts(), 0 passed in /var/www/htdocs/assignment/system/CodeIgniter.php on line 934 and exactly 1 expected
in APPPATH/Controllers/Post.php on line 10.
 1 SYSTEMPATH/CodeIgniter.php(934): App\Controllers\Post->load_course_posts()
 2 SYSTEMPATH/CodeIgniter.php(499): CodeIgniter\CodeIgniter->runController()
 3 SYSTEMPATH/CodeIgniter.php(368): CodeIgniter\CodeIgniter->handleRequest()
 4 FCPATH/index.php(67): CodeIgniter\CodeIgniter->run()
CRITICAL - 2023-04-27 06:54:14 --> Undefined array key "name"
in APPPATH/Views/account.php on line 51.
 1 APPPATH/Views/account.php(51): CodeIgniter\Debug\Exceptions->errorHandler()
 2 SYSTEMPATH/View/View.php(213): include('APPPATH/Views/account.php')
 3 SYSTEMPATH/View/View.php(216): CodeIgniter\View\View->CodeIgniter\View\{closure}()
 4 SYSTEMPATH/Common.php(1184): CodeIgniter\View\View->render()
 5 APPPATH/Controllers/Account.php(26): view()
 6 SYSTEMPATH/CodeIgniter.php(934): App\Controllers\Account->index()
 7 SYSTEMPATH/CodeIgniter.php(499): CodeIgniter\CodeIgniter->runController()
 8 SYSTEMPATH/CodeIgniter.php(368): CodeIgniter\CodeIgniter->handleRequest()
 9 FCPATH/index.php(67): CodeIgniter\CodeIgniter->run()
CRITICAL - 2023-04-27 17:04:41 --> Call to a member function move() on null
in APPPATH/Controllers/Account.php on line 52.
 1 SYSTEMPATH/CodeIgniter.php(934): App\Controllers\Account->upload_file()
 2 SYSTEMPATH/CodeIgniter.php(499): CodeIgniter\CodeIgniter->runController()
 3 SYSTEMPATH/CodeIgniter.php(368): CodeIgniter\CodeIgniter->handleRequest()
 4 FCPATH/index.php(67): CodeIgniter\CodeIgniter->run()
CRITICAL - 2023-04-27 17:16:34 --> Call to a member function move() on null
in APPPATH/Controllers/Account.php on line 52.
 1 SYSTEMPATH/CodeIgniter.php(934): App\Controllers\Account->upload_file()
 2 SYSTEMPATH/CodeIgniter.php(499): CodeIgniter\CodeIgniter->runController()
 3 SYSTEMPATH/CodeIgniter.php(368): CodeIgniter\CodeIgniter->handleRequest()
 4 FCPATH/index.php(67): CodeIgniter\CodeIgniter->run()
CRITICAL - 2023-04-27 17:17:34 --> Call to a member function move() on null
in APPPATH/Controllers/Account.php on line 52.
 1 SYSTEMPATH/CodeIgniter.php(934): App\Controllers\Account->upload_file()
 2 SYSTEMPATH/CodeIgniter.php(499): CodeIgniter\CodeIgniter->runController()
 3 SYSTEMPATH/CodeIgniter.php(368): CodeIgniter\CodeIgniter->handleRequest()
 4 FCPATH/index.php(67): CodeIgniter\CodeIgniter->run()
CRITICAL - 2023-04-27 17:18:19 --> Class "App\Models\ImageModel" not found
in APPPATH/Controllers/ImageController.php on line 34.
 1 SYSTEMPATH/CodeIgniter.php(934): App\Controllers\ImageController->upload()
 2 SYSTEMPATH/CodeIgniter.php(499): CodeIgniter\CodeIgniter->runController()
 3 SYSTEMPATH/CodeIgniter.php(368): CodeIgniter\CodeIgniter->handleRequest()
 4 FCPATH/index.php(67): CodeIgniter\CodeIgniter->run()
CRITICAL - 2023-04-27 17:18:47 --> Class "App\Controllers\Image_model" not found
in APPPATH/Controllers/ImageController.php on line 34.
 1 SYSTEMPATH/CodeIgniter.php(934): App\Controllers\ImageController->upload()
 2 SYSTEMPATH/CodeIgniter.php(499): CodeIgniter\CodeIgniter->runController()
 3 SYSTEMPATH/CodeIgniter.php(368): CodeIgniter\CodeIgniter->handleRequest()
 4 FCPATH/index.php(67): CodeIgniter\CodeIgniter->run()
CRITICAL - 2023-04-27 17:18:59 --> Class "App\Models\Image_model" not found
in APPPATH/Controllers/ImageController.php on line 34.
 1 SYSTEMPATH/CodeIgniter.php(934): App\Controllers\ImageController->upload()
 2 SYSTEMPATH/CodeIgniter.php(499): CodeIgniter\CodeIgniter->runController()
 3 SYSTEMPATH/CodeIgniter.php(368): CodeIgniter\CodeIgniter->handleRequest()
 4 FCPATH/index.php(67): CodeIgniter\CodeIgniter->run()
CRITICAL - 2023-04-27 17:19:23 --> Class "App\Models\ImageModel" not found
in APPPATH/Controllers/ImageController.php on line 34.
 1 SYSTEMPATH/CodeIgniter.php(934): App\Controllers\ImageController->upload()
 2 SYSTEMPATH/CodeIgniter.php(499): CodeIgniter\CodeIgniter->runController()
 3 SYSTEMPATH/CodeIgniter.php(368): CodeIgniter\CodeIgniter->handleRequest()
 4 FCPATH/index.php(67): CodeIgniter\CodeIgniter->run()
CRITICAL - 2023-04-27 17:19:40 --> Invalid file: "image_form.php"
in SYSTEMPATH/Exceptions/FrameworkException.php on line 33.
 1 SYSTEMPATH/View/View.php(201): CodeIgniter\Exceptions\FrameworkException::forInvalidFile()
 2 SYSTEMPATH/Common.php(1184): CodeIgniter\View\View->render()
 3 APPPATH/Controllers/ImageController.php(48): view()
 4 SYSTEMPATH/CodeIgniter.php(934): App\Controllers\ImageController->upload()
 5 SYSTEMPATH/CodeIgniter.php(499): CodeIgniter\CodeIgniter->runController()
 6 SYSTEMPATH/CodeIgniter.php(368): CodeIgniter\CodeIgniter->handleRequest()
 7 FCPATH/index.php(67): CodeIgniter\CodeIgniter->run()
CRITICAL - 2023-04-27 17:23:35 --> Undefined variable $cid
in APPPATH/Views/account.php on line 50.
 1 APPPATH/Views/account.php(50): CodeIgniter\Debug\Exceptions->errorHandler()
 2 SYSTEMPATH/View/View.php(213): include('APPPATH/Views/account.php')
 3 SYSTEMPATH/View/View.php(216): CodeIgniter\View\View->CodeIgniter\View\{closure}()
 4 SYSTEMPATH/Common.php(1184): CodeIgniter\View\View->render()
 5 APPPATH/Controllers/ImageController.php(14): view()
 6 SYSTEMPATH/CodeIgniter.php(934): App\Controllers\ImageController->index()
 7 SYSTEMPATH/CodeIgniter.php(499): CodeIgniter\CodeIgniter->runController()
 8 SYSTEMPATH/CodeIgniter.php(368): CodeIgniter\CodeIgniter->handleRequest()
 9 FCPATH/index.php(67): CodeIgniter\CodeIgniter->run()
