CRITICAL - 2023-05-20 06:55:08 --> Undefined variable $d
in APPPATH/Controllers/Account.php on line 35.
 1 APPPATH/Controllers/Account.php(35): CodeIgniter\Debug\Exceptions->errorHandler()
 2 SYSTEMPATH/CodeIgniter.php(934): App\Controllers\Account->get_favourites()
 3 SYSTEMPATH/CodeIgniter.php(499): CodeIgniter\CodeIgniter->runController()
 4 SYSTEMPATH/CodeIgniter.php(368): CodeIgniter\CodeIgniter->handleRequest()
 5 FCPATH/index.php(67): CodeIgniter\CodeIgniter->run()
CRITICAL - 2023-05-20 06:55:20 --> Undefined variable $fid
in APPPATH/Views/favourites.php on line 20.
 1 APPPATH/Views/favourites.php(20): CodeIgniter\Debug\Exceptions->errorHandler()
 2 SYSTEMPATH/View/View.php(213): include('APPPATH/Views/favourites.php')
 3 SYSTEMPATH/View/View.php(216): CodeIgniter\View\View->CodeIgniter\View\{closure}()
 4 SYSTEMPATH/Common.php(1184): CodeIgniter\View\View->render()
 5 APPPATH/Controllers/Account.php(35): view()
 6 SYSTEMPATH/CodeIgniter.php(934): App\Controllers\Account->get_favourites()
 7 SYSTEMPATH/CodeIgniter.php(499): CodeIgniter\CodeIgniter->runController()
 8 SYSTEMPATH/CodeIgniter.php(368): CodeIgniter\CodeIgniter->handleRequest()
 9 FCPATH/index.php(67): CodeIgniter\CodeIgniter->run()
CRITICAL - 2023-05-20 06:56:12 --> Undefined variable $fid
in APPPATH/Views/favourites.php on line 20.
 1 APPPATH/Views/favourites.php(20): CodeIgniter\Debug\Exceptions->errorHandler()
 2 SYSTEMPATH/View/View.php(213): include('APPPATH/Views/favourites.php')
 3 SYSTEMPATH/View/View.php(216): CodeIgniter\View\View->CodeIgniter\View\{closure}()
 4 SYSTEMPATH/Common.php(1184): CodeIgniter\View\View->render()
 5 APPPATH/Controllers/Account.php(35): view()
 6 SYSTEMPATH/CodeIgniter.php(934): App\Controllers\Account->get_favourites()
 7 SYSTEMPATH/CodeIgniter.php(499): CodeIgniter\CodeIgniter->runController()
 8 SYSTEMPATH/CodeIgniter.php(368): CodeIgniter\CodeIgniter->handleRequest()
 9 FCPATH/index.php(67): CodeIgniter\CodeIgniter->run()
CRITICAL - 2023-05-20 06:56:17 --> Undefined variable $pid
in APPPATH/Views/favourites.php on line 20.
 1 APPPATH/Views/favourites.php(20): CodeIgniter\Debug\Exceptions->errorHandler()
 2 SYSTEMPATH/View/View.php(213): include('APPPATH/Views/favourites.php')
 3 SYSTEMPATH/View/View.php(216): CodeIgniter\View\View->CodeIgniter\View\{closure}()
 4 SYSTEMPATH/Common.php(1184): CodeIgniter\View\View->render()
 5 APPPATH/Controllers/Account.php(35): view()
 6 SYSTEMPATH/CodeIgniter.php(934): App\Controllers\Account->get_favourites()
 7 SYSTEMPATH/CodeIgniter.php(499): CodeIgniter\CodeIgniter->runController()
 8 SYSTEMPATH/CodeIgniter.php(368): CodeIgniter\CodeIgniter->handleRequest()
 9 FCPATH/index.php(67): CodeIgniter\CodeIgniter->run()
CRITICAL - 2023-05-20 06:56:52 --> Undefined variable $data
in APPPATH/Views/favourites.php on line 20.
 1 APPPATH/Views/favourites.php(20): CodeIgniter\Debug\Exceptions->errorHandler()
 2 SYSTEMPATH/View/View.php(213): include('APPPATH/Views/favourites.php')
 3 SYSTEMPATH/View/View.php(216): CodeIgniter\View\View->CodeIgniter\View\{closure}()
 4 SYSTEMPATH/Common.php(1184): CodeIgniter\View\View->render()
 5 APPPATH/Controllers/Account.php(35): view()
 6 SYSTEMPATH/CodeIgniter.php(934): App\Controllers\Account->get_favourites()
 7 SYSTEMPATH/CodeIgniter.php(499): CodeIgniter\CodeIgniter->runController()
 8 SYSTEMPATH/CodeIgniter.php(368): CodeIgniter\CodeIgniter->handleRequest()
 9 FCPATH/index.php(67): CodeIgniter\CodeIgniter->run()
CRITICAL - 2023-05-20 06:58:17 --> Undefined array key "fid"
in APPPATH/Views/favourites.php on line 20.
 1 APPPATH/Views/favourites.php(20): CodeIgniter\Debug\Exceptions->errorHandler()
 2 SYSTEMPATH/View/View.php(213): include('APPPATH/Views/favourites.php')
 3 SYSTEMPATH/View/View.php(216): CodeIgniter\View\View->CodeIgniter\View\{closure}()
 4 SYSTEMPATH/Common.php(1184): CodeIgniter\View\View->render()
 5 APPPATH/Controllers/Account.php(38): view()
 6 SYSTEMPATH/CodeIgniter.php(934): App\Controllers\Account->get_favourites()
 7 SYSTEMPATH/CodeIgniter.php(499): CodeIgniter\CodeIgniter->runController()
 8 SYSTEMPATH/CodeIgniter.php(368): CodeIgniter\CodeIgniter->handleRequest()
 9 FCPATH/index.php(67): CodeIgniter\CodeIgniter->run()
CRITICAL - 2023-05-20 14:47:26 --> Undefined array key 0
in APPPATH/Controllers/Post.php on line 47.
 1 APPPATH/Controllers/Post.php(47): CodeIgniter\Debug\Exceptions->errorHandler()
 2 SYSTEMPATH/CodeIgniter.php(934): App\Controllers\Post->view_post()
 3 SYSTEMPATH/CodeIgniter.php(499): CodeIgniter\CodeIgniter->runController()
 4 SYSTEMPATH/CodeIgniter.php(368): CodeIgniter\CodeIgniter->handleRequest()
 5 FCPATH/index.php(67): CodeIgniter\CodeIgniter->run()
CRITICAL - 2023-05-20 14:47:37 --> Undefined array key 0
in APPPATH/Controllers/Post.php on line 47.
 1 APPPATH/Controllers/Post.php(47): CodeIgniter\Debug\Exceptions->errorHandler()
 2 SYSTEMPATH/CodeIgniter.php(934): App\Controllers\Post->view_post()
 3 SYSTEMPATH/CodeIgniter.php(499): CodeIgniter\CodeIgniter->runController()
 4 SYSTEMPATH/CodeIgniter.php(368): CodeIgniter\CodeIgniter->handleRequest()
 5 FCPATH/index.php(67): CodeIgniter\CodeIgniter->run()
ERROR - 2023-05-20 14:48:36 --> mysqli_sql_exception: Column 'uid' cannot be null in /var/www/htdocs/assignment/system/Database/MySQLi/Connection.php:295
Stack trace:
#0 /var/www/htdocs/assignment/system/Database/MySQLi/Connection.php(295): mysqli->query()
#1 /var/www/htdocs/assignment/system/Database/BaseConnection.php(691): CodeIgniter\Database\MySQLi\Connection->execute()
#2 /var/www/htdocs/assignment/system/Database/BaseConnection.php(605): CodeIgniter\Database\BaseConnection->simpleQuery()
#3 /var/www/htdocs/assignment/system/Database/BaseBuilder.php(2309): CodeIgniter\Database\BaseConnection->query()
#4 /var/www/htdocs/assignment/app/Models/Favourite_model.php(18): CodeIgniter\Database\BaseBuilder->insert()
#5 /var/www/htdocs/assignment/app/Controllers/Post.php(90): App\Models\Favourite_model->favourite()
#6 /var/www/htdocs/assignment/system/CodeIgniter.php(934): App\Controllers\Post->favourite()
#7 /var/www/htdocs/assignment/system/CodeIgniter.php(499): CodeIgniter\CodeIgniter->runController()
#8 /var/www/htdocs/assignment/system/CodeIgniter.php(368): CodeIgniter\CodeIgniter->handleRequest()
#9 /var/www/htdocs/assignment/public/index.php(67): CodeIgniter\CodeIgniter->run()
#10 {main}
CRITICAL - 2023-05-20 14:48:36 --> Column 'uid' cannot be null
in SYSTEMPATH/Database/BaseConnection.php on line 645.
 1 SYSTEMPATH/Database/BaseBuilder.php(2309): CodeIgniter\Database\BaseConnection->query()
 2 APPPATH/Models/Favourite_model.php(18): CodeIgniter\Database\BaseBuilder->insert()
 3 APPPATH/Controllers/Post.php(90): App\Models\Favourite_model->favourite()
 4 SYSTEMPATH/CodeIgniter.php(934): App\Controllers\Post->favourite()
 5 SYSTEMPATH/CodeIgniter.php(499): CodeIgniter\CodeIgniter->runController()
 6 SYSTEMPATH/CodeIgniter.php(368): CodeIgniter\CodeIgniter->handleRequest()
 7 FCPATH/index.php(67): CodeIgniter\CodeIgniter->run()
CRITICAL - 2023-05-20 15:30:58 --> Call to a member function move() on null
in APPPATH/Controllers/Post.php on line 45.
 1 SYSTEMPATH/CodeIgniter.php(934): App\Controllers\Post->upload()
 2 SYSTEMPATH/CodeIgniter.php(499): CodeIgniter\CodeIgniter->runController()
 3 SYSTEMPATH/CodeIgniter.php(368): CodeIgniter\CodeIgniter->handleRequest()
 4 FCPATH/index.php(67): CodeIgniter\CodeIgniter->run()
CRITICAL - 2023-05-20 15:50:29 --> Cannot call constructor
in APPPATH/Controllers/Post.php on line 7.
 1 SYSTEMPATH/CodeIgniter.php(906): App\Controllers\Post->__construct()
 2 SYSTEMPATH/CodeIgniter.php(490): CodeIgniter\CodeIgniter->createController()
 3 SYSTEMPATH/CodeIgniter.php(368): CodeIgniter\CodeIgniter->handleRequest()
 4 FCPATH/index.php(67): CodeIgniter\CodeIgniter->run()
CRITICAL - 2023-05-20 15:50:33 --> Cannot call constructor
in APPPATH/Controllers/Post.php on line 7.
 1 SYSTEMPATH/CodeIgniter.php(906): App\Controllers\Post->__construct()
 2 SYSTEMPATH/CodeIgniter.php(490): CodeIgniter\CodeIgniter->createController()
 3 SYSTEMPATH/CodeIgniter.php(368): CodeIgniter\CodeIgniter->handleRequest()
 4 FCPATH/index.php(67): CodeIgniter\CodeIgniter->run()
CRITICAL - 2023-05-20 15:51:21 --> Cannot call constructor
in APPPATH/Controllers/Post.php on line 7.
 1 SYSTEMPATH/CodeIgniter.php(906): App\Controllers\Post->__construct()
 2 SYSTEMPATH/CodeIgniter.php(490): CodeIgniter\CodeIgniter->createController()
 3 SYSTEMPATH/CodeIgniter.php(368): CodeIgniter\CodeIgniter->handleRequest()
 4 FCPATH/index.php(67): CodeIgniter\CodeIgniter->run()
CRITICAL - 2023-05-20 15:54:43 --> Cannot call constructor
in APPPATH/Controllers/Post.php on line 7.
 1 SYSTEMPATH/CodeIgniter.php(906): App\Controllers\Post->__construct()
 2 SYSTEMPATH/CodeIgniter.php(490): CodeIgniter\CodeIgniter->createController()
 3 SYSTEMPATH/CodeIgniter.php(368): CodeIgniter\CodeIgniter->handleRequest()
 4 FCPATH/index.php(67): CodeIgniter\CodeIgniter->run()
CRITICAL - 2023-05-20 15:55:11 --> Cannot call constructor
in APPPATH/Controllers/Post.php on line 7.
 1 SYSTEMPATH/CodeIgniter.php(906): App\Controllers\Post->__construct()
 2 SYSTEMPATH/CodeIgniter.php(490): CodeIgniter\CodeIgniter->createController()
 3 SYSTEMPATH/CodeIgniter.php(368): CodeIgniter\CodeIgniter->handleRequest()
 4 FCPATH/index.php(67): CodeIgniter\CodeIgniter->run()
CRITICAL - 2023-05-20 15:58:03 --> Class "App\Controllers\CI_Controller" not found
in APPPATH/Controllers/Post.php on line 4.
 1 SYSTEMPATH/Autoloader/Autoloader.php(312): include_once()
 2 SYSTEMPATH/Autoloader/Autoloader.php(289): CodeIgniter\Autoloader\Autoloader->includeFile()
 3 SYSTEMPATH/Autoloader/Autoloader.php(267): CodeIgniter\Autoloader\Autoloader->loadInNamespace()
 4 [internal function]: CodeIgniter\Autoloader\Autoloader->loadClass()
 5 SYSTEMPATH/CodeIgniter.php(892): class_exists()
 6 SYSTEMPATH/CodeIgniter.php(486): CodeIgniter\CodeIgniter->startController()
 7 SYSTEMPATH/CodeIgniter.php(368): CodeIgniter\CodeIgniter->handleRequest()
 8 FCPATH/index.php(67): CodeIgniter\CodeIgniter->run()
